#
# A fatal error has been detected by the Java Runtime Environment:
#
#  SIGSEGV (0xb) at pc=0x00007fb3e296ab26, pid=199, tid=288
#
# JRE version: OpenJDK Runtime Environment Temurin-17.0.8.1+1 (17.0.8.1+1) (build 17.0.8.1+1)
# Java VM: OpenJDK 64-Bit Server VM Temurin-17.0.8.1+1 (17.0.8.1+1, mixed mode, tiered, compressed oops, compressed class ptrs, parallel gc, linux-amd64)
# Problematic frame:
# V  [libjvm.so+0xc76b26]  PSCardTable::scavenge_contents_parallel(ObjectStartArray*, MutableSpace*, HeapWordImpl**, PSPromotionManager*, unsigned int, unsigned int)+0x246
#
# No core dump will be written. Core dumps have been disabled. To enable core dumping, try "ulimit -c unlimited" before starting Java again
#
# If you would like to submit a bug report, please visit:
#   https://github.com/adoptium/adoptium-support/issues
#

---------------  S U M M A R Y ------------

Command Line: --add-modules=ALL-SYSTEM --add-opens=java.base/java.util=ALL-UNNAMED --add-opens=java.base/java.lang=ALL-UNNAMED --add-opens=java.base/sun.nio.fs=ALL-UNNAMED -Declipse.application=org.eclipse.jdt.ls.core.id1 -Dosgi.bundles.defaultStartLevel=4 -Declipse.product=org.eclipse.jdt.ls.core.product -Djava.import.generatesMetadataFilesAtProjectRoot=false -DDetectVMInstallationsJob.disabled=true -Dfile.encoding=utf8 -XX:+UseParallelGC -XX:GCTimeRatio=4 -XX:AdaptiveSizePolicyWeight=90 -Dsun.zip.disableMemoryMapping=true -Xmx1G -Xms100m -Xlog:disable -javaagent:/home/jelynfish/.vscode-server/extensions/redhat.java-1.23.0-linux-x64/lombok/lombok-1.18.30.jar -XX:+HeapDumpOnOutOfMemoryError -XX:HeapDumpPath=/home/jelynfish/.vscode-server/data/User/workspaceStorage/88e22ab48d1e6ed7d877188e5a0bd280/redhat.java -Daether.dependencyCollector.impl=bf /home/jelynfish/.vscode-server/extensions/redhat.java-1.23.0-linux-x64/server/plugins/org.eclipse.equinox.launcher_1.6.500.v20230717-2134.jar -configuration /home/jelynfish/.vscode-server/data/User/globalStorage/redhat.java/1.23.0/config_linux -data /home/jelynfish/.vscode-server/data/User/workspaceStorage/88e22ab48d1e6ed7d877188e5a0bd280/redhat.java/jdt_ws

Host: 11th Gen Intel(R) Core(TM) i7-11700KF @ 3.60GHz, 16 cores, 15G, Ubuntu 22.04.2 LTS
Time: Fri Sep 29 23:58:45 2023 EDT elapsed time: 63.385128 seconds (0d 0h 1m 3s)

---------------  T H R E A D  ---------------

Current thread (0x00007fb3b8001290):  GCTaskThread "GC Thread#1" [stack: 0x00007fb3bd7e6000,0x00007fb3bd8e6000] [id=288]

Stack: [0x00007fb3bd7e6000,0x00007fb3bd8e6000],  sp=0x00007fb3bd8e4b70,  free space=1018k
Native frames: (J=compiled Java code, j=interpreted, Vv=VM code, C=native code)
V  [libjvm.so+0xc76b26]  PSCardTable::scavenge_contents_parallel(ObjectStartArray*, MutableSpace*, HeapWordImpl**, PSPromotionManager*, unsigned int, unsigned int)+0x246
V  [libjvm.so+0xc980d0]  ScavengeRootsTask::work(unsigned int)+0x4c0
V  [libjvm.so+0xf17f2f]  GangWorker::loop()+0x5f
V  [libjvm.so+0xf17f8f]
V  [libjvm.so+0xe68d40]  Thread::call_run()+0xc0
V  [libjvm.so+0xc1e681]  thread_native_entry(Thread*)+0xe1


siginfo: si_signo: 11 (SIGSEGV), si_code: 1 (SEGV_MAPERR), si_addr: 0x0000000000000008

Register to memory mapping:

RAX=0x0000000000000001 is an unknown value
RBX=
[error occurred during error reporting (printing register info), id 0xb, SIGSEGV (0xb) at pc=0x00007fb3e29306ac]

Registers:
RAX=0x0000000000000001, RBX=0x00000000cd27f430, RCX=0x0000000000000003, RDX=0x00007fb3e2fb3320
RSP=0x00007fb3bd8e4b70, RBP=0x00007fb3bd8e4c40, RSI=0x00007fb3e1470000, RDI=0x0000000000000000
R8 =0x00007fb3dc041800, R9 =0x0000000003200000, R10=0x00007fb3e2ffa245, R11=0x0000000000000000
R12=0x00007fb3e1731480, R13=0x00000000cd280000, R14=0x00007fb3e1f82e40, R15=0x00007fb3dc041800
RIP=0x00007fb3e296ab26, EFLAGS=0x0000000000010246, CSGSFS=0x002b000000000033, ERR=0x0000000000000004
  TRAPNO=0x000000000000000e

Top of Stack: (sp=0x00007fb3bd8e4b70)
0x00007fb3bd8e4b70:   00007fb3bd8e4bf0 00007fb3dc041800
0x00007fb3bd8e4b80:   00007fb3e16c8080 0000000000000080
0x00007fb3bd8e4b90:   00007fb3e16c8000 00000000d473a250
0x00007fb3bd8e4ba0:   00007fb3e1731400 00007fb3dc274e00 

Instructions: (pc=0x00007fb3e296ab26)
0x00007fb3e296aa26:   29 d0 48 c1 e0 09 48 39 c6 48 0f 42 c6 4c 89 ee
0x00007fb3e296aa36:   48 89 c2 48 89 45 98 e8 0e fd f8 ff 4c 8b 45 a0
0x00007fb3e296aa46:   84 c0 0f 84 3e ff ff ff 48 be ff ff ff ff ff ff
0x00007fb3e296aa56:   7f 00 49 8b 40 78 48 21 f3 49 8b 70 70 48 8d 0c
0x00007fb3e296aa66:   18 48 8d 51 ff 48 39 f1 0f 83 87 0b 00 00 49 8b
0x00007fb3e296aa76:   58 50 49 39 dd 73 4d 48 f7 d0 48 01 c1 48 c1 e1
0x00007fb3e296aa86:   09 eb 14 49 8b 58 50 48 83 ea 01 48 81 e9 00 02
0x00007fb3e296aa96:   00 00 49 39 dd 73 2d 48 39 d6 77 e7 48 0f be 02
0x00007fb3e296aaa6:   48 8d 1c c1 3c ff 75 df 49 8b 78 58 49 8b 40 50
0x00007fb3e296aab6:   48 83 ea 01 48 81 e9 00 02 00 00 48 8d 1c f8 49
0x00007fb3e296aac6:   39 dd 72 d3 4c 8d 15 74 f7 68 00 4c 8d 35 68 83
0x00007fb3e296aad6:   61 ff 4d 89 c7 eb 2a f6 c1 01 74 13 48 8b 07 48
0x00007fb3e296aae6:   8b 80 00 01 00 00 4c 39 f0 0f 85 ef 0a 00 00 c1
0x00007fb3e296aaf6:   f9 03 48 63 c1 48 8d 04 c3 49 39 c5 72 74 48 89
0x00007fb3e296ab06:   c3 41 0f b6 02 84 c0 0f 84 b6 02 00 00 48 8d 15
0x00007fb3e296ab16:   06 88 64 00 8b 7b 08 8b 4a 08 48 d3 e7 48 03 3a
0x00007fb3e296ab26:   8b 4f 08 85 c9 7f b0 0f 84 9f 02 00 00 3c 01 48
0x00007fb3e296ab36:   8d 15 f0 91 64 00 48 19 c0 83 e0 04 8b 32 48 63
0x00007fb3e296ab46:   44 03 0c 48 d3 e0 c1 f9 10 48 89 c2 0f b6 c1 8d
0x00007fb3e296ab56:   4e ff f7 de 48 63 c9 48 01 c8 48 01 d0 48 63 d6
0x00007fb3e296ab66:   48 21 d0 48 c1 e8 03 48 98 48 8d 04 c3 49 39 c5
0x00007fb3e296ab76:   73 8c 4d 89 f8 49 39 dd 0f 87 bb 0c 00 00 48 8b
0x00007fb3e296ab86:   75 98 48 39 b5 58 ff ff ff 0f 87 bd 0a 00 00 4c
0x00007fb3e296ab96:   8b bd 78 ff ff ff 4c 8d 0d 9d 82 61 ff 4d 39 e7
0x00007fb3e296aba6:   0f 83 e0 fd ff ff 0f 1f 40 00 41 0f b6 07 4c 89
0x00007fb3e296abb6:   fa 49 83 c7 01 3c ff 0f 85 fe 01 00 00 4d 39 fc
0x00007fb3e296abc6:   77 e8 4c 89 fb 49 39 dc 0f 86 c4 01 00 00 80 3b
0x00007fb3e296abd6:   ff 0f 84 bb 01 00 00 0f 1f 00 48 83 c3 01 49 39
0x00007fb3e296abe6:   dc 74 e2 80 3b ff 75 f2 48 8b 45 a8 49 89 de 49
0x00007fb3e296abf6:   8b 50 78 49 8b 70 70 4c 2b 70 40 49 c1 e6 09 49
0x00007fb3e296ac06:   83 ee 08 4c 89 f1 48 c1 e9 09 48 01 d1 48 8d 41
0x00007fb3e296ac16:   ff 48 39 f1 0f 83 38 02 00 00 4d 8b 68 50 4d 39 


Stack slot to memory mapping:
stack at sp + 0 slots: 0x00007fb3bd8e4bf0 points into unknown readable memory: 0x00007fb3e2f0acd0 | d0 ac f0 e2 b3 7f 00 00
stack at sp + 1 slots: 0x00007fb3dc041800 points into unknown readable memory: 0x0000000000000000 | 00 00 00 00 00 00 00 00
stack at sp + 2 slots: 0x00007fb3e16c8080 points into unknown readable memory: 0xffffffffffffff00 | 00 ff ff ff ff ff ff ff
stack at sp + 3 slots: 0x0000000000000080 is an unknown value
stack at sp + 4 slots: 0x00007fb3e16c8000 points into unknown readable memory: 0xffffffffffffffff | ff ff ff ff ff ff ff ff
stack at sp + 5 slots: 
[error occurred during error reporting (inspecting top of stack), id 0xb, SIGSEGV (0xb) at pc=0x00007fb3e29306ac]


---------------  P R O C E S S  ---------------

Threads class SMR info:
_java_thread_list=0x00007fb3980bc220, length=43, elements={
0x00007fb3dc028750, 0x00007fb3dc28d700, 0x00007fb3dc28ec80, 0x00007fb3dc2b8d50,
0x00007fb3dc2bc640, 0x00007fb3dc2bd5e0, 0x00007fb3dc2bec70, 0x00007fb3dc2c0180,
0x00007fb3dc2c15d0, 0x00007fb3dc32f2a0, 0x00007fb3dc42da00, 0x00007fb3dc65e9e0,
0x00007fb3dc6b0660, 0x00007fb3dc6b2f60, 0x00007fb3503f3380, 0x00007fb350497e80,
0x00007fb3505d5bc0, 0x00007fb35067c3e0, 0x00007fb350687430, 0x00007fb350989c50,
0x00007fb32800a760, 0x00007fb3dc72d600, 0x00007fb3dc961ab0, 0x00007fb3dc962df0,
0x00007fb314000ff0, 0x00007fb3001787e0, 0x00007fb3001bf830, 0x00007fb3001c0a80,
0x00007fb3002010a0, 0x00007fb300202620, 0x00007fb300203a70, 0x00007fb300204a60,
0x00007fb2d8000ff0, 0x00007fb2cc000ff0, 0x00007fb2d0000ff0, 0x00007fb2c4001d50,
0x00007fb2f4016960, 0x00007fb2f4093130, 0x00007fb3a8000eb0, 0x00007fb2f4036d90,
0x00007fb2f40942a0, 0x00007fb39842a400, 0x00007fb3980b6630
}

Java Threads: ( => current thread )
  0x00007fb3dc028750 JavaThread "main" [_thread_blocked, id=200, stack(0x00007fb3e1b08000,0x00007fb3e1c08000)]
  0x00007fb3dc28d700 JavaThread "Reference Handler" daemon [_thread_blocked, id=209, stack(0x00007fb3be7e8000,0x00007fb3be8e8000)]
  0x00007fb3dc28ec80 JavaThread "Finalizer" daemon [_thread_blocked, id=210, stack(0x00007fb3be6e8000,0x00007fb3be7e8000)]
  0x00007fb3dc2b8d50 JavaThread "Signal Dispatcher" daemon [_thread_blocked, id=211, stack(0x00007fb3be5e8000,0x00007fb3be6e8000)]
  0x00007fb3dc2bc640 JavaThread "Service Thread" daemon [_thread_blocked, id=212, stack(0x00007fb3be4e8000,0x00007fb3be5e8000)]
  0x00007fb3dc2bd5e0 JavaThread "Monitor Deflation Thread" daemon [_thread_blocked, id=213, stack(0x00007fb3be3e8000,0x00007fb3be4e8000)]
  0x00007fb3dc2bec70 JavaThread "C2 CompilerThread0" daemon [_thread_blocked, id=214, stack(0x00007fb3be2e8000,0x00007fb3be3e8000)]
  0x00007fb3dc2c0180 JavaThread "C1 CompilerThread0" daemon [_thread_blocked, id=215, stack(0x00007fb3be1e8000,0x00007fb3be2e8000)]
  0x00007fb3dc2c15d0 JavaThread "Sweeper thread" daemon [_thread_blocked, id=216, stack(0x00007fb3be0e8000,0x00007fb3be1e8000)]
  0x00007fb3dc32f2a0 JavaThread "Common-Cleaner" daemon [_thread_blocked, id=219, stack(0x00007fb3bdfe8000,0x00007fb3be0e8000)]
  0x00007fb3dc42da00 JavaThread "Notification Thread" daemon [_thread_blocked, id=270, stack(0x00007fb3bdae8000,0x00007fb3bdbe8000)]
  0x00007fb3dc65e9e0 JavaThread "Active Thread: Equinox Container: d05103a9-08ae-4f4d-ae7b-5e64e0c18d95" [_thread_blocked, id=299, stack(0x00007fb3bd2dc000,0x00007fb3bd3dc000)]
  0x00007fb3dc6b0660 JavaThread "Framework Event Dispatcher: Equinox Container: d05103a9-08ae-4f4d-ae7b-5e64e0c18d95" daemon [_thread_blocked, id=309, stack(0x00007fb3bd1dc000,0x00007fb3bd2dc000)]
  0x00007fb3dc6b2f60 JavaThread "Start Level: Equinox Container: d05103a9-08ae-4f4d-ae7b-5e64e0c18d95" daemon [_thread_blocked, id=311, stack(0x00007fb3bd0dc000,0x00007fb3bd1dc000)]
  0x00007fb3503f3380 JavaThread "Bundle File Closer" daemon [_thread_blocked, id=324, stack(0x00007fb3bcafc000,0x00007fb3bcbfc000)]
  0x00007fb350497e80 JavaThread "SCR Component Actor" daemon [_thread_blocked, id=330, stack(0x00007fb3bc9fc000,0x00007fb3bcafc000)]
  0x00007fb3505d5bc0 JavaThread "Worker-JM" [_thread_blocked, id=337, stack(0x00007fb3bc5f8000,0x00007fb3bc6f8000)]
  0x00007fb35067c3e0 JavaThread "Worker-0" [_thread_blocked, id=339, stack(0x00007fb3bc3f6000,0x00007fb3bc4f6000)]
  0x00007fb350687430 JavaThread "Worker-1" [_thread_blocked, id=340, stack(0x00007fb3bc2f6000,0x00007fb3bc3f6000)]
  0x00007fb350989c50 JavaThread "Java indexing" daemon [_thread_blocked, id=347, stack(0x00007fb31fe00000,0x00007fb31ff00000)]
  0x00007fb32800a760 JavaThread "Worker-2" [_thread_blocked, id=348, stack(0x00007fb31fd00000,0x00007fb31fe00000)]
  0x00007fb3dc72d600 JavaThread "pool-2-thread-1" [_thread_blocked, id=354, stack(0x00007fb31f9a9000,0x00007fb31faa9000)]
  0x00007fb3dc961ab0 JavaThread "WorkspaceEventsHandler" [_thread_blocked, id=357, stack(0x00007fb31fc00000,0x00007fb31fd00000)]
  0x00007fb3dc962df0 JavaThread "pool-1-thread-1" [_thread_blocked, id=358, stack(0x00007fb31fb00000,0x00007fb31fc00000)]
  0x00007fb314000ff0 JavaThread "Worker-3" [_thread_blocked, id=388, stack(0x00007fb31f5a9000,0x00007fb31f6a9000)]
  0x00007fb3001787e0 JavaThread "ForkJoinPool.commonPool-worker-1" daemon [_thread_blocked, id=401, stack(0x00007fb31f8a9000,0x00007fb31f9a9000)]
  0x00007fb3001bf830 JavaThread "ForkJoinPool.commonPool-worker-2" daemon [_thread_blocked, id=404, stack(0x00007fb31f4a9000,0x00007fb31f5a9000)]
  0x00007fb3001c0a80 JavaThread "ForkJoinPool.commonPool-worker-3" daemon [_thread_blocked, id=405, stack(0x00007fb31f3a9000,0x00007fb31f4a9000)]
  0x00007fb3002010a0 JavaThread "ForkJoinPool.commonPool-worker-4" daemon [_thread_blocked, id=416, stack(0x00007fb31f2a9000,0x00007fb31f3a9000)]
  0x00007fb300202620 JavaThread "ForkJoinPool.commonPool-worker-5" daemon [_thread_blocked, id=417, stack(0x00007fb31f1a9000,0x00007fb31f2a9000)]
  0x00007fb300203a70 JavaThread "ForkJoinPool.commonPool-worker-6" daemon [_thread_blocked, id=418, stack(0x00007fb31f0a9000,0x00007fb31f1a9000)]
  0x00007fb300204a60 JavaThread "ForkJoinPool.commonPool-worker-7" daemon [_thread_blocked, id=419, stack(0x00007fb31efa9000,0x00007fb31f0a9000)]
  0x00007fb2d8000ff0 JavaThread "ForkJoinPool.commonPool-worker-8" daemon [_thread_blocked, id=420, stack(0x00007fb31eea9000,0x00007fb31efa9000)]
  0x00007fb2cc000ff0 JavaThread "ForkJoinPool.commonPool-worker-9" daemon [_thread_blocked, id=421, stack(0x00007fb31eda9000,0x00007fb31eea9000)]
  0x00007fb2d0000ff0 JavaThread "ForkJoinPool.commonPool-worker-10" daemon [_thread_blocked, id=422, stack(0x00007fb31eca9000,0x00007fb31eda9000)]
  0x00007fb2c4001d50 JavaThread "ForkJoinPool.commonPool-worker-11" daemon [_thread_blocked, id=461, stack(0x00007fb31eba9000,0x00007fb31eca9000)]
  0x00007fb2f4016960 JavaThread "ForkJoinPool.commonPool-worker-12" daemon [_thread_blocked, id=467, stack(0x00007fb31e9a9000,0x00007fb31eaa9000)]
  0x00007fb2f4093130 JavaThread "ForkJoinPool.commonPool-worker-13" daemon [_thread_blocked, id=468, stack(0x00007fb31f7a9000,0x00007fb31f8a9000)]
  0x00007fb3a8000eb0 JavaThread "Attach Listener" daemon [_thread_blocked, id=507, stack(0x00007fb31ff00000,0x00007fb320000000)]
  0x00007fb2f4036d90 JavaThread "ForkJoinPool.commonPool-worker-14" daemon [_thread_blocked, id=589, stack(0x00007fb3bdde8000,0x00007fb3bdee8000)]
  0x00007fb2f40942a0 JavaThread "ForkJoinPool.commonPool-worker-15" daemon [_thread_blocked, id=592, stack(0x00007fb3bdce8000,0x00007fb3bdde8000)]
  0x00007fb39842a400 JavaThread "C2 CompilerThread1" daemon [_thread_blocked, id=841, stack(0x00007fb3bdee8000,0x00007fb3bdfe8000)]
  0x00007fb3980b6630 JavaThread "C1 CompilerThread1" daemon [_thread_blocked, id=842, stack(0x00007fb31f6a9000,0x00007fb31f7a9000)]

Other Threads:
  0x00007fb3dc069c70 VMThread "VM Thread" [stack: 0x00007fb3be8ea000,0x00007fb3be9ea000] [id=208]
  0x00007fb3dc072920 WatcherThread [stack: 0x00007fb3bd9e8000,0x00007fb3bdae8000] [id=271]
  0x00007fb3dc040010 GCTaskThread "GC Thread#0" [stack: 0x00007fb3e15c8000,0x00007fb3e16c8000] [id=201]
=>0x00007fb3b8001290 GCTaskThread "GC Thread#1" [stack: 0x00007fb3bd7e6000,0x00007fb3bd8e6000] [id=288]
  0x00007fb3b80031a0 GCTaskThread "GC Thread#2" [stack: 0x00007fb3bd6e4000,0x00007fb3bd7e4000] [id=290]
  0x00007fb3b8003b30 GCTaskThread "GC Thread#3" [stack: 0x00007fb3bd5e2000,0x00007fb3bd6e2000] [id=292]
  0x00007fb3b80044c0 GCTaskThread "GC Thread#4" [stack: 0x00007fb3bd4e0000,0x00007fb3bd5e0000] [id=294]
  0x00007fb3b8004e50 GCTaskThread "GC Thread#5" [stack: 0x00007fb3bd3de000,0x00007fb3bd4de000] [id=296]
  0x00007fb3b8006030 GCTaskThread "GC Thread#6" [stack: 0x00007fb3bcd00000,0x00007fb3bce00000] [id=316]
  0x00007fb3b8006900 GCTaskThread "GC Thread#7" [stack: 0x00007fb3bcbfe000,0x00007fb3bccfe000] [id=317]
  0x00007fb3b8007830 GCTaskThread "GC Thread#8" [stack: 0x00007fb3bc8fc000,0x00007fb3bc9fc000] [id=331]
  0x00007fb3b80080b0 GCTaskThread "GC Thread#9" [stack: 0x00007fb3bc7fa000,0x00007fb3bc8fa000] [id=332]
  0x00007fb3b8008a60 GCTaskThread "GC Thread#10" [stack: 0x00007fb3bc4f8000,0x00007fb3bc5f8000] [id=338]
  0x00007fb3b800a1a0 GCTaskThread "GC Thread#11" [stack: 0x00007fb3bc1f6000,0x00007fb3bc2f6000] [id=341]
  0x00007fb3b800b350 GCTaskThread "GC Thread#12" [stack: 0x00007fb3bc0f4000,0x00007fb3bc1f4000] [id=342]

Threads with active compile tasks:
C2 CompilerThread0    63387 10402       4       org.eclipse.jdt.internal.compiler.parser.Parser::consumeRule (7847 bytes)
C2 CompilerThread1    63387 10411       4       lombok.core.LombokNode::<init> (100 bytes)

VM state: at safepoint (normal execution)

VM Mutex/Monitor currently owned by a thread:  ([mutex/lock_event])
[0x00007fb3dc025540] Threads_lock - owner thread: 0x00007fb3dc069c70
[0x00007fb3dc025cf0] Heap_lock - owner thread: 0x00007fb3dc962df0

Heap address: 0x00000000c0000000, size: 1024 MB, Compressed Oops mode: 32-bit

CDS archive(s) not mapped
Compressed class space mapped at: 0x0000000100000000-0x0000000140000000, reserved size: 1073741824
Narrow klass base: 0x0000000000000000, Narrow klass shift: 3, Narrow klass range: 0x140000000

GC Precious Log:
 CPUs: 16 total, 16 available
 Memory: 15914M
 Large Page Support: Disabled
 NUMA Support: Disabled
 Compressed Oops: Enabled (32-bit)
 Alignments: Space 512K, Generation 512K, Heap 2M
 Heap Min Capacity: 100M
 Heap Initial Capacity: 100M
 Heap Max Capacity: 1G
 Pre-touch: Disabled
 Parallel Workers: 13

Heap:
 PSYoungGen      total 59904K, used 59427K [0x00000000eab00000, 0x00000000f1100000, 0x0000000100000000)
  eden space 48128K, 99% used [0x00000000eab00000,0x00000000ed9f9c20,0x00000000eda00000)
  from space 11776K, 96% used [0x00000000f0580000,0x00000000f108f0e8,0x00000000f1100000)
  to   space 23040K, 21% used [0x00000000ee400000,0x00000000ee8da018,0x00000000efa80000)
 ParOldGen       total 409600K, used 335080K [0x00000000c0000000, 0x00000000d9000000, 0x00000000eab00000)
  object space 409600K, 81% used [0x00000000c0000000,0x00000000d473a250,0x00000000d9000000)
 Metaspace       used 71539K, committed 72576K, reserved 1114112K
  class space    used 7490K, committed 7936K, reserved 1048576K

Card table byte_map: [0x00007fb3e16c8000,0x00007fb3e18c9000] _byte_map_base: 0x00007fb3e10c8000

Marking Bits: (ParMarkBitMap*) 0x00007fb3e3015ba0
 Begin Bits: [0x00007fb3c83e5000, 0x00007fb3c93e5000)
 End Bits:   [0x00007fb3c93e5000, 0x00007fb3ca3e5000)

Polling page: 0x00007fb3e32a8000

Metaspace:

Usage:
  Non-class:     62.55 MB used.
      Class:      7.32 MB used.
       Both:     69.86 MB used.

Virtual space:
  Non-class space:       64.00 MB reserved,      63.12 MB ( 99%) committed,  1 nodes.
      Class space:        1.00 GB reserved,       7.75 MB ( <1%) committed,  1 nodes.
             Both:        1.06 GB reserved,      70.88 MB (  7%) committed. 

Chunk freelists:
   Non-Class:  384.00 KB
       Class:  8.22 MB
        Both:  8.59 MB

MaxMetaspaceSize: unlimited
CompressedClassSpaceSize: 1.00 GB
Initial GC threshold: 21.00 MB
Current GC threshold: 116.38 MB
CDS: off
MetaspaceReclaimPolicy: balanced
 - commit_granule_bytes: 65536.
 - commit_granule_words: 8192.
 - virtual_space_node_default_size: 8388608.
 - enlarge_chunks_in_place: 1.
 - new_chunks_are_fully_committed: 0.
 - uncommit_free_chunks: 1.
 - use_allocation_guard: 0.
 - handle_deallocations: 1.


Internal statistics:

num_allocs_failed_limit: 9.
num_arena_births: 586.
num_arena_deaths: 14.
num_vsnodes_births: 2.
num_vsnodes_deaths: 0.
num_space_committed: 1134.
num_space_uncommitted: 0.
num_chunks_returned_to_freelist: 23.
num_chunks_taken_from_freelist: 3376.
num_chunk_merges: 13.
num_chunk_splits: 2211.
num_chunks_enlarged: 1411.
num_inconsistent_stats: 0.

CodeHeap 'non-profiled nmethods': size=119168Kb used=7447Kb max_used=7447Kb free=111721Kb
 bounds [0x00007fb3d1f85000, 0x00007fb3d26d5000, 0x00007fb3d93e5000]
CodeHeap 'profiled nmethods': size=119164Kb used=19187Kb max_used=19187Kb free=99976Kb
 bounds [0x00007fb3ca3e5000, 0x00007fb3cb6a5000, 0x00007fb3d1844000]
CodeHeap 'non-nmethods': size=7428Kb used=1925Kb max_used=3143Kb free=5502Kb
 bounds [0x00007fb3d1844000, 0x00007fb3d1b74000, 0x00007fb3d1f85000]
 total_blobs=9429 nmethods=8728 adapters=613
 compilation: enabled
              stopped_count=0, restarted_count=0
 full_count=0

Compilation events (20 events):
Event: 63.377 Thread 0x00007fb3dc2c0180 nmethod 10412 0x00007fb3cb69c310 code [0x00007fb3cb69c4e0, 0x00007fb3cb69c810]
Event: 63.377 Thread 0x00007fb3dc2c0180 10410   !   3       org.eclipse.jdt.internal.compiler.parser.Scanner::getNextChar (140 bytes)
Event: 63.378 Thread 0x00007fb3dc2c0180 nmethod 10410 0x00007fb3cb69c890 code [0x00007fb3cb69ca80, 0x00007fb3cb69cff0]
Event: 63.378 Thread 0x00007fb3dc2c0180 10408       3       org.eclipse.jdt.internal.codeassist.complete.CompletionParser::isInsideAnnotation (32 bytes)
Event: 63.378 Thread 0x00007fb3dc2c0180 nmethod 10408 0x00007fb3cb69d210 code [0x00007fb3cb69d3c0, 0x00007fb3cb69d630]
Event: 63.378 Thread 0x00007fb3dc2c0180 10413       3       lombok.eclipse.EclipseASTAdapter::visitTypeUse (1 bytes)
Event: 63.378 Thread 0x00007fb3dc2c0180 nmethod 10413 0x00007fb3cb69d790 code [0x00007fb3cb69d920, 0x00007fb3cb69da30]
Event: 63.378 Thread 0x00007fb3dc2c0180 10414       3       lombok.eclipse.EclipseASTAdapter::endVisitTypeUse (1 bytes)
Event: 63.378 Thread 0x00007fb3dc2c0180 nmethod 10414 0x00007fb3cb69db10 code [0x00007fb3cb69dca0, 0x00007fb3cb69ddb0]
Event: 63.378 Thread 0x00007fb3dc2c0180 10416       3       lombok.eclipse.EclipseASTAdapter::visitMethod (1 bytes)
Event: 63.378 Thread 0x00007fb3dc2c0180 nmethod 10416 0x00007fb3cb69de90 code [0x00007fb3cb69e020, 0x00007fb3cb69e130]
Event: 63.378 Thread 0x00007fb3dc2c0180 10417       3       lombok.eclipse.EclipseASTAdapter::endVisitMethod (1 bytes)
Event: 63.378 Thread 0x00007fb3dc2c0180 nmethod 10417 0x00007fb3cb69e210 code [0x00007fb3cb69e3a0, 0x00007fb3cb69e4b0]
Event: 63.378 Thread 0x00007fb3dc2c0180 10409       3       org.eclipse.jdt.internal.codeassist.complete.CompletionScanner::scanIdentifierOrKeyword (73 bytes)
Event: 63.378 Thread 0x00007fb3dc2c0180 nmethod 10409 0x00007fb3cb69e590 code [0x00007fb3cb69e760, 0x00007fb3cb69eb10]
Event: 63.378 Thread 0x00007fb3dc2c0180 10406       3       org.eclipse.jdt.internal.codeassist.complete.CompletionParser::actFromTokenOrSynthetic (119 bytes)
Event: 63.379 Thread 0x00007fb3dc2c0180 nmethod 10406 0x00007fb3cb69ec90 code [0x00007fb3cb69eec0, 0x00007fb3cb69f930]
Event: 63.379 Thread 0x00007fb3dc2c0180 10419       1       org.eclipse.jdt.internal.core.SourceConstructorInfo::isConstructor (2 bytes)
Event: 63.379 Thread 0x00007fb3dc2c0180 nmethod 10419 0x00007fb3d26ca910 code [0x00007fb3d26caaa0, 0x00007fb3d26cab70]
Event: 63.379 Thread 0x00007fb3980b6630 nmethod 10407 0x00007fb3cb69fd10 code [0x00007fb3cb6a01e0, 0x00007fb3cb6a3260]

GC Heap History (20 events):
Event: 18.858 GC heap after
{Heap after GC invocations=110 (full 8):
 PSYoungGen      total 54784K, used 10735K [0x00000000eab00000, 0x00000000efa00000, 0x0000000100000000)
  eden space 44032K, 0% used [0x00000000eab00000,0x00000000eab00000,0x00000000ed600000)
  from space 10752K, 99% used [0x00000000ed600000,0x00000000ee07bc08,0x00000000ee080000)
  to   space 18432K, 0% used [0x00000000ee800000,0x00000000ee800000,0x00000000efa00000)
 ParOldGen       total 307200K, used 234857K [0x00000000c0000000, 0x00000000d2c00000, 0x00000000eab00000)
  object space 307200K, 76% used [0x00000000c0000000,0x00000000ce55a4e0,0x00000000d2c00000)
 Metaspace       used 70456K, committed 71552K, reserved 1114112K
  class space    used 7383K, committed 7808K, reserved 1048576K
}
Event: 18.909 GC heap before
{Heap before GC invocations=111 (full 8):
 PSYoungGen      total 54784K, used 54767K [0x00000000eab00000, 0x00000000efa00000, 0x0000000100000000)
  eden space 44032K, 100% used [0x00000000eab00000,0x00000000ed600000,0x00000000ed600000)
  from space 10752K, 99% used [0x00000000ed600000,0x00000000ee07bc08,0x00000000ee080000)
  to   space 18432K, 0% used [0x00000000ee800000,0x00000000ee800000,0x00000000efa00000)
 ParOldGen       total 307200K, used 234857K [0x00000000c0000000, 0x00000000d2c00000, 0x00000000eab00000)
  object space 307200K, 76% used [0x00000000c0000000,0x00000000ce55a4e0,0x00000000d2c00000)
 Metaspace       used 70456K, committed 71552K, reserved 1114112K
  class space    used 7383K, committed 7808K, reserved 1048576K
}
Event: 18.919 GC heap after
{Heap after GC invocations=111 (full 8):
 PSYoungGen      total 59392K, used 9595K [0x00000000eab00000, 0x00000000ef280000, 0x0000000100000000)
  eden space 48640K, 0% used [0x00000000eab00000,0x00000000eab00000,0x00000000eda80000)
  from space 10752K, 89% used [0x00000000ee800000,0x00000000ef15ecb8,0x00000000ef280000)
  to   space 12288K, 0% used [0x00000000eda80000,0x00000000eda80000,0x00000000ee680000)
 ParOldGen       total 307200K, used 245711K [0x00000000c0000000, 0x00000000d2c00000, 0x00000000eab00000)
  object space 307200K, 79% used [0x00000000c0000000,0x00000000ceff3f90,0x00000000d2c00000)
 Metaspace       used 70456K, committed 71552K, reserved 1114112K
  class space    used 7383K, committed 7808K, reserved 1048576K
}
Event: 18.979 GC heap before
{Heap before GC invocations=112 (full 8):
 PSYoungGen      total 59392K, used 58235K [0x00000000eab00000, 0x00000000ef280000, 0x0000000100000000)
  eden space 48640K, 100% used [0x00000000eab00000,0x00000000eda80000,0x00000000eda80000)
  from space 10752K, 89% used [0x00000000ee800000,0x00000000ef15ecb8,0x00000000ef280000)
  to   space 12288K, 0% used [0x00000000eda80000,0x00000000eda80000,0x00000000ee680000)
 ParOldGen       total 307200K, used 245711K [0x00000000c0000000, 0x00000000d2c00000, 0x00000000eab00000)
  object space 307200K, 79% used [0x00000000c0000000,0x00000000ceff3f90,0x00000000d2c00000)
 Metaspace       used 70456K, committed 71552K, reserved 1114112K
  class space    used 7383K, committed 7808K, reserved 1048576K
}
Event: 18.988 GC heap after
{Heap after GC invocations=112 (full 8):
 PSYoungGen      total 60928K, used 12256K [0x00000000eab00000, 0x00000000f0a80000, 0x0000000100000000)
  eden space 48640K, 0% used [0x00000000eab00000,0x00000000eab00000,0x00000000eda80000)
  from space 12288K, 99% used [0x00000000eda80000,0x00000000ee678080,0x00000000ee680000)
  to   space 22016K, 0% used [0x00000000ef500000,0x00000000ef500000,0x00000000f0a80000)
 ParOldGen       total 307200K, used 253194K [0x00000000c0000000, 0x00000000d2c00000, 0x00000000eab00000)
  object space 307200K, 82% used [0x00000000c0000000,0x00000000cf742b40,0x00000000d2c00000)
 Metaspace       used 70456K, committed 71552K, reserved 1114112K
  class space    used 7383K, committed 7808K, reserved 1048576K
}
Event: 19.045 GC heap before
{Heap before GC invocations=113 (full 8):
 PSYoungGen      total 60928K, used 60896K [0x00000000eab00000, 0x00000000f0a80000, 0x0000000100000000)
  eden space 48640K, 100% used [0x00000000eab00000,0x00000000eda80000,0x00000000eda80000)
  from space 12288K, 99% used [0x00000000eda80000,0x00000000ee678080,0x00000000ee680000)
  to   space 22016K, 0% used [0x00000000ef500000,0x00000000ef500000,0x00000000f0a80000)
 ParOldGen       total 307200K, used 253194K [0x00000000c0000000, 0x00000000d2c00000, 0x00000000eab00000)
  object space 307200K, 82% used [0x00000000c0000000,0x00000000cf742b40,0x00000000d2c00000)
 Metaspace       used 70456K, committed 71552K, reserved 1114112K
  class space    used 7383K, committed 7808K, reserved 1048576K
}
Event: 19.057 GC heap after
{Heap after GC invocations=113 (full 8):
 PSYoungGen      total 65024K, used 10888K [0x00000000eab00000, 0x00000000f0000000, 0x0000000100000000)
  eden space 53760K, 0% used [0x00000000eab00000,0x00000000eab00000,0x00000000edf80000)
  from space 11264K, 96% used [0x00000000ef500000,0x00000000effa2058,0x00000000f0000000)
  to   space 14336K, 0% used [0x00000000ee400000,0x00000000ee400000,0x00000000ef200000)
 ParOldGen       total 307200K, used 265063K [0x00000000c0000000, 0x00000000d2c00000, 0x00000000eab00000)
  object space 307200K, 86% used [0x00000000c0000000,0x00000000d02d9c20,0x00000000d2c00000)
 Metaspace       used 70456K, committed 71552K, reserved 1114112K
  class space    used 7383K, committed 7808K, reserved 1048576K
}
Event: 19.124 GC heap before
{Heap before GC invocations=114 (full 8):
 PSYoungGen      total 65024K, used 64648K [0x00000000eab00000, 0x00000000f0000000, 0x0000000100000000)
  eden space 53760K, 100% used [0x00000000eab00000,0x00000000edf80000,0x00000000edf80000)
  from space 11264K, 96% used [0x00000000ef500000,0x00000000effa2058,0x00000000f0000000)
  to   space 14336K, 0% used [0x00000000ee400000,0x00000000ee400000,0x00000000ef200000)
 ParOldGen       total 307200K, used 265063K [0x00000000c0000000, 0x00000000d2c00000, 0x00000000eab00000)
  object space 307200K, 86% used [0x00000000c0000000,0x00000000d02d9c20,0x00000000d2c00000)
 Metaspace       used 70467K, committed 71552K, reserved 1114112K
  class space    used 7384K, committed 7808K, reserved 1048576K
}
Event: 19.132 GC heap after
{Heap after GC invocations=114 (full 8):
 PSYoungGen      total 72704K, used 12683K [0x00000000eab00000, 0x00000000eff00000, 0x0000000100000000)
  eden space 58368K, 0% used [0x00000000eab00000,0x00000000eab00000,0x00000000ee400000)
  from space 14336K, 88% used [0x00000000ee400000,0x00000000ef062ca8,0x00000000ef200000)
  to   space 13312K, 0% used [0x00000000ef200000,0x00000000ef200000,0x00000000eff00000)
 ParOldGen       total 307200K, used 275768K [0x00000000c0000000, 0x00000000d2c00000, 0x00000000eab00000)
  object space 307200K, 89% used [0x00000000c0000000,0x00000000d0d4e200,0x00000000d2c00000)
 Metaspace       used 70467K, committed 71552K, reserved 1114112K
  class space    used 7384K, committed 7808K, reserved 1048576K
}
Event: 19.174 GC heap before
{Heap before GC invocations=115 (full 8):
 PSYoungGen      total 72704K, used 71051K [0x00000000eab00000, 0x00000000eff00000, 0x0000000100000000)
  eden space 58368K, 100% used [0x00000000eab00000,0x00000000ee400000,0x00000000ee400000)
  from space 14336K, 88% used [0x00000000ee400000,0x00000000ef062ca8,0x00000000ef200000)
  to   space 13312K, 0% used [0x00000000ef200000,0x00000000ef200000,0x00000000eff00000)
 ParOldGen       total 307200K, used 275768K [0x00000000c0000000, 0x00000000d2c00000, 0x00000000eab00000)
  object space 307200K, 89% used [0x00000000c0000000,0x00000000d0d4e200,0x00000000d2c00000)
 Metaspace       used 70467K, committed 71552K, reserved 1114112K
  class space    used 7384K, committed 7808K, reserved 1048576K
}
Event: 19.186 GC heap after
{Heap after GC invocations=115 (full 8):
 PSYoungGen      total 50688K, used 13305K [0x00000000eab00000, 0x00000000f2f80000, 0x0000000100000000)
  eden space 37376K, 0% used [0x00000000eab00000,0x00000000eab00000,0x00000000ecf80000)
  from space 13312K, 99% used [0x00000000ef200000,0x00000000efefe698,0x00000000eff00000)
  to   space 35328K, 0% used [0x00000000ecf80000,0x00000000ecf80000,0x00000000ef200000)
 ParOldGen       total 307200K, used 294319K [0x00000000c0000000, 0x00000000d2c00000, 0x00000000eab00000)
  object space 307200K, 95% used [0x00000000c0000000,0x00000000d1f6bdd0,0x00000000d2c00000)
 Metaspace       used 70467K, committed 71552K, reserved 1114112K
  class space    used 7384K, committed 7808K, reserved 1048576K
}
Event: 19.186 GC heap before
{Heap before GC invocations=116 (full 9):
 PSYoungGen      total 50688K, used 13305K [0x00000000eab00000, 0x00000000f2f80000, 0x0000000100000000)
  eden space 37376K, 0% used [0x00000000eab00000,0x00000000eab00000,0x00000000ecf80000)
  from space 13312K, 99% used [0x00000000ef200000,0x00000000efefe698,0x00000000eff00000)
  to   space 35328K, 0% used [0x00000000ecf80000,0x00000000ecf80000,0x00000000ef200000)
 ParOldGen       total 307200K, used 294319K [0x00000000c0000000, 0x00000000d2c00000, 0x00000000eab00000)
  object space 307200K, 95% used [0x00000000c0000000,0x00000000d1f6bdd0,0x00000000d2c00000)
 Metaspace       used 70467K, committed 71552K, reserved 1114112K
  class space    used 7384K, committed 7808K, reserved 1048576K
}
Event: 19.267 GC heap after
{Heap after GC invocations=116 (full 9):
 PSYoungGen      total 72704K, used 0K [0x00000000eab00000, 0x00000000f1880000, 0x0000000100000000)
  eden space 37376K, 0% used [0x00000000eab00000,0x00000000eab00000,0x00000000ecf80000)
  from space 35328K, 0% used [0x00000000ecf80000,0x00000000ecf80000,0x00000000ef200000)
  to   space 35328K, 0% used [0x00000000ef600000,0x00000000ef600000,0x00000000f1880000)
 ParOldGen       total 409600K, used 304427K [0x00000000c0000000, 0x00000000d9000000, 0x00000000eab00000)
  object space 409600K, 74% used [0x00000000c0000000,0x00000000d294ad60,0x00000000d9000000)
 Metaspace       used 70467K, committed 71552K, reserved 1114112K
  class space    used 7384K, committed 7808K, reserved 1048576K
}
Event: 19.374 GC heap before
{Heap before GC invocations=117 (full 9):
 PSYoungGen      total 72704K, used 37376K [0x00000000eab00000, 0x00000000f1880000, 0x0000000100000000)
  eden space 37376K, 100% used [0x00000000eab00000,0x00000000ecf80000,0x00000000ecf80000)
  from space 35328K, 0% used [0x00000000ecf80000,0x00000000ecf80000,0x00000000ef200000)
  to   space 35328K, 0% used [0x00000000ef600000,0x00000000ef600000,0x00000000f1880000)
 ParOldGen       total 409600K, used 304427K [0x00000000c0000000, 0x00000000d9000000, 0x00000000eab00000)
  object space 409600K, 74% used [0x00000000c0000000,0x00000000d294ad60,0x00000000d9000000)
 Metaspace       used 70480K, committed 71552K, reserved 1114112K
  class space    used 7385K, committed 7808K, reserved 1048576K
}
Event: 19.378 GC heap after
{Heap after GC invocations=117 (full 9):
 PSYoungGen      total 56832K, used 15613K [0x00000000eab00000, 0x00000000f0580000, 0x0000000100000000)
  eden space 40960K, 0% used [0x00000000eab00000,0x00000000eab00000,0x00000000ed300000)
  from space 15872K, 98% used [0x00000000ef600000,0x00000000f053f6e8,0x00000000f0580000)
  to   space 21504K, 0% used [0x00000000edb80000,0x00000000edb80000,0x00000000ef080000)
 ParOldGen       total 409600K, used 304427K [0x00000000c0000000, 0x00000000d9000000, 0x00000000eab00000)
  object space 409600K, 74% used [0x00000000c0000000,0x00000000d294ad60,0x00000000d9000000)
 Metaspace       used 70480K, committed 71552K, reserved 1114112K
  class space    used 7385K, committed 7808K, reserved 1048576K
}
Event: 19.642 GC heap before
{Heap before GC invocations=118 (full 9):
 PSYoungGen      total 56832K, used 56573K [0x00000000eab00000, 0x00000000f0580000, 0x0000000100000000)
  eden space 40960K, 100% used [0x00000000eab00000,0x00000000ed300000,0x00000000ed300000)
  from space 15872K, 98% used [0x00000000ef600000,0x00000000f053f6e8,0x00000000f0580000)
  to   space 21504K, 0% used [0x00000000edb80000,0x00000000edb80000,0x00000000ef080000)
 ParOldGen       total 409600K, used 304427K [0x00000000c0000000, 0x00000000d9000000, 0x00000000eab00000)
  object space 409600K, 74% used [0x00000000c0000000,0x00000000d294ad60,0x00000000d9000000)
 Metaspace       used 70480K, committed 71552K, reserved 1114112K
  class space    used 7385K, committed 7808K, reserved 1048576K
}
Event: 19.659 GC heap after
{Heap after GC invocations=118 (full 9):
 PSYoungGen      total 66048K, used 21497K [0x00000000eab00000, 0x00000000f3480000, 0x0000000100000000)
  eden space 44544K, 0% used [0x00000000eab00000,0x00000000eab00000,0x00000000ed680000)
  from space 21504K, 99% used [0x00000000edb80000,0x00000000ef07e6b0,0x00000000ef080000)
  to   space 48128K, 0% used [0x00000000f0580000,0x00000000f0580000,0x00000000f3480000)
 ParOldGen       total 409600K, used 325987K [0x00000000c0000000, 0x00000000d9000000, 0x00000000eab00000)
  object space 409600K, 79% used [0x00000000c0000000,0x00000000d3e58d00,0x00000000d9000000)
 Metaspace       used 70480K, committed 71552K, reserved 1114112K
  class space    used 7385K, committed 7808K, reserved 1048576K
}
Event: 19.988 GC heap before
{Heap before GC invocations=119 (full 9):
 PSYoungGen      total 66048K, used 66041K [0x00000000eab00000, 0x00000000f3480000, 0x0000000100000000)
  eden space 44544K, 100% used [0x00000000eab00000,0x00000000ed680000,0x00000000ed680000)
  from space 21504K, 99% used [0x00000000edb80000,0x00000000ef07e6b0,0x00000000ef080000)
  to   space 48128K, 0% used [0x00000000f0580000,0x00000000f0580000,0x00000000f3480000)
 ParOldGen       total 409600K, used 325987K [0x00000000c0000000, 0x00000000d9000000, 0x00000000eab00000)
  object space 409600K, 79% used [0x00000000c0000000,0x00000000d3e58d00,0x00000000d9000000)
 Metaspace       used 70535K, committed 71616K, reserved 1114112K
  class space    used 7388K, committed 7808K, reserved 1048576K
}
Event: 19.997 GC heap after
{Heap after GC invocations=119 (full 9):
 PSYoungGen      total 59904K, used 11324K [0x00000000eab00000, 0x00000000f1100000, 0x0000000100000000)
  eden space 48128K, 0% used [0x00000000eab00000,0x00000000eab00000,0x00000000eda00000)
  from space 11776K, 96% used [0x00000000f0580000,0x00000000f108f0e8,0x00000000f1100000)
  to   space 23040K, 0% used [0x00000000ee400000,0x00000000ee400000,0x00000000efa80000)
 ParOldGen       total 409600K, used 335080K [0x00000000c0000000, 0x00000000d9000000, 0x00000000eab00000)
  object space 409600K, 81% used [0x00000000c0000000,0x00000000d473a250,0x00000000d9000000)
 Metaspace       used 70535K, committed 71616K, reserved 1114112K
  class space    used 7388K, committed 7808K, reserved 1048576K
}
Event: 63.380 GC heap before
{Heap before GC invocations=120 (full 9):
 PSYoungGen      total 59904K, used 59427K [0x00000000eab00000, 0x00000000f1100000, 0x0000000100000000)
  eden space 48128K, 99% used [0x00000000eab00000,0x00000000ed9f9c20,0x00000000eda00000)
  from space 11776K, 96% used [0x00000000f0580000,0x00000000f108f0e8,0x00000000f1100000)
  to   space 23040K, 0% used [0x00000000ee400000,0x00000000ee400000,0x00000000efa80000)
 ParOldGen       total 409600K, used 335080K [0x00000000c0000000, 0x00000000d9000000, 0x00000000eab00000)
  object space 409600K, 81% used [0x00000000c0000000,0x00000000d473a250,0x00000000d9000000)
 Metaspace       used 71539K, committed 72576K, reserved 1114112K
  class space    used 7490K, committed 7936K, reserved 1048576K
}

Dll operation events (9 events):
Event: 0.001 Loaded shared library /home/jelynfish/.vscode-server/extensions/redhat.java-1.23.0-linux-x64/jre/17.0.8.1-linux-x86_64/lib/libjava.so
Event: 0.068 Loaded shared library /home/jelynfish/.vscode-server/extensions/redhat.java-1.23.0-linux-x64/jre/17.0.8.1-linux-x86_64/lib/libzip.so
Event: 0.069 Loaded shared library /home/jelynfish/.vscode-server/extensions/redhat.java-1.23.0-linux-x64/jre/17.0.8.1-linux-x86_64/lib/libinstrument.so
Event: 0.073 Loaded shared library /home/jelynfish/.vscode-server/extensions/redhat.java-1.23.0-linux-x64/jre/17.0.8.1-linux-x86_64/lib/libnio.so
Event: 0.078 Loaded shared library /home/jelynfish/.vscode-server/extensions/redhat.java-1.23.0-linux-x64/jre/17.0.8.1-linux-x86_64/lib/libzip.so
Event: 0.085 Loaded shared library /home/jelynfish/.vscode-server/extensions/redhat.java-1.23.0-linux-x64/jre/17.0.8.1-linux-x86_64/lib/libjimage.so
Event: 0.109 Loaded shared library /home/jelynfish/.vscode-server/extensions/redhat.java-1.23.0-linux-x64/jre/17.0.8.1-linux-x86_64/lib/libverify.so
Event: 0.375 Loaded shared library /home/jelynfish/.vscode-server/extensions/redhat.java-1.23.0-linux-x64/jre/17.0.8.1-linux-x86_64/lib/libnet.so
Event: 0.559 Loaded shared library /home/jelynfish/.vscode-server/data/User/globalStorage/redhat.java/1.23.0/config_linux/org.eclipse.equinox.launcher/org.eclipse.equinox.launcher.gtk.linux.x86_64_1.2.700.v20221108-1024/eclipse_11801.so

Deoptimization events (20 events):
Event: 30.498 Thread 0x00007fb3dc65e9e0 DEOPT PACKING pc=0x00007fb3cb662fca sp=0x00007fb3bd3da260
Event: 30.498 Thread 0x00007fb3dc65e9e0 DEOPT UNPACKING pc=0x00007fb3d189e34f sp=0x00007fb3bd3d97c8 mode 0
Event: 30.498 Thread 0x00007fb3dc65e9e0 DEOPT PACKING pc=0x00007fb3cb662fca sp=0x00007fb3bd3da260
Event: 30.498 Thread 0x00007fb3dc65e9e0 DEOPT UNPACKING pc=0x00007fb3d189e34f sp=0x00007fb3bd3d97c8 mode 0
Event: 30.499 Thread 0x00007fb3dc65e9e0 DEOPT PACKING pc=0x00007fb3cb662fca sp=0x00007fb3bd3da260
Event: 30.499 Thread 0x00007fb3dc65e9e0 DEOPT UNPACKING pc=0x00007fb3d189e34f sp=0x00007fb3bd3d97c8 mode 0
Event: 30.499 Thread 0x00007fb3dc65e9e0 DEOPT PACKING pc=0x00007fb3cb662fca sp=0x00007fb3bd3da260
Event: 30.499 Thread 0x00007fb3dc65e9e0 DEOPT UNPACKING pc=0x00007fb3d189e34f sp=0x00007fb3bd3d97c8 mode 0
Event: 30.512 Thread 0x00007fb3dc65e9e0 Uncommon trap: trap_request=0xffffffde fr.pc=0x00007fb3d213bbb4 relative=0x0000000000000294
Event: 30.512 Thread 0x00007fb3dc65e9e0 Uncommon trap: reason=class_check action=maybe_recompile pc=0x00007fb3d213bbb4 method=java.nio.channels.spi.AbstractInterruptibleChannel.close()V @ 23 c2
Event: 30.512 Thread 0x00007fb3dc65e9e0 DEOPT PACKING pc=0x00007fb3d213bbb4 sp=0x00007fb3bd3da170
Event: 30.512 Thread 0x00007fb3dc65e9e0 DEOPT UNPACKING pc=0x00007fb3d189d819 sp=0x00007fb3bd3da120 mode 2
Event: 30.515 Thread 0x00007fb3dc65e9e0 Uncommon trap: trap_request=0xffffffde fr.pc=0x00007fb3d213bbb4 relative=0x0000000000000294
Event: 30.515 Thread 0x00007fb3dc65e9e0 Uncommon trap: reason=class_check action=maybe_recompile pc=0x00007fb3d213bbb4 method=java.nio.channels.spi.AbstractInterruptibleChannel.close()V @ 23 c2
Event: 30.515 Thread 0x00007fb3dc65e9e0 DEOPT PACKING pc=0x00007fb3d213bbb4 sp=0x00007fb3bd3da160
Event: 30.515 Thread 0x00007fb3dc65e9e0 DEOPT UNPACKING pc=0x00007fb3d189d819 sp=0x00007fb3bd3da110 mode 2
Event: 30.515 Thread 0x00007fb3dc65e9e0 Uncommon trap: trap_request=0xffffffde fr.pc=0x00007fb3d213bbb4 relative=0x0000000000000294
Event: 30.515 Thread 0x00007fb3dc65e9e0 Uncommon trap: reason=class_check action=maybe_recompile pc=0x00007fb3d213bbb4 method=java.nio.channels.spi.AbstractInterruptibleChannel.close()V @ 23 c2
Event: 30.515 Thread 0x00007fb3dc65e9e0 DEOPT PACKING pc=0x00007fb3d213bbb4 sp=0x00007fb3bd3da310
Event: 30.515 Thread 0x00007fb3dc65e9e0 DEOPT UNPACKING pc=0x00007fb3d189d819 sp=0x00007fb3bd3da2c0 mode 2

Classes unloaded (7 events):
Event: 1.788 Thread 0x00007fb3dc069c70 Unloading class 0x0000000100254000 'java/lang/invoke/LambdaForm$MH+0x0000000100254000'
Event: 1.788 Thread 0x00007fb3dc069c70 Unloading class 0x0000000100253c00 'java/lang/invoke/LambdaForm$MH+0x0000000100253c00'
Event: 1.788 Thread 0x00007fb3dc069c70 Unloading class 0x0000000100253800 'java/lang/invoke/LambdaForm$MH+0x0000000100253800'
Event: 1.788 Thread 0x00007fb3dc069c70 Unloading class 0x0000000100253400 'java/lang/invoke/LambdaForm$MH+0x0000000100253400'
Event: 1.788 Thread 0x00007fb3dc069c70 Unloading class 0x0000000100253000 'java/lang/invoke/LambdaForm$BMH+0x0000000100253000'
Event: 1.788 Thread 0x00007fb3dc069c70 Unloading class 0x0000000100252c00 'java/lang/invoke/LambdaForm$DMH+0x0000000100252c00'
Event: 1.788 Thread 0x00007fb3dc069c70 Unloading class 0x0000000100250000 'java/lang/invoke/LambdaForm$DMH+0x0000000100250000'

Classes redefined (0 events):
No events

Internal exceptions (20 events):
Event: 3.752 Thread 0x00007fb3dc962df0 Exception <a 'java/io/FileNotFoundException'{0x00000000eb44ef38}> (0x00000000eb44ef38) 
thrown [src/hotspot/share/prims/jni.cpp, line 516]
Event: 3.754 Thread 0x00007fb3dc962df0 Exception <a 'java/io/FileNotFoundException'{0x00000000eb49a9a8}> (0x00000000eb49a9a8) 
thrown [src/hotspot/share/prims/jni.cpp, line 516]
Event: 3.878 Thread 0x00007fb3dc962df0 Exception <a 'sun/nio/fs/UnixException'{0x00000000eabe70c8}> (0x00000000eabe70c8) 
thrown [src/hotspot/share/prims/jni.cpp, line 516]
Event: 3.885 Thread 0x00007fb3dc962df0 Exception <a 'sun/nio/fs/UnixException'{0x00000000eac829a0}> (0x00000000eac829a0) 
thrown [src/hotspot/share/prims/jni.cpp, line 516]
Event: 3.885 Thread 0x00007fb3dc962df0 Exception <a 'java/lang/NoSuchMethodError'{0x00000000eac8ae80}: 'java.lang.Object java.lang.invoke.DirectMethodHandle$Holder.invokeStatic(java.lang.Object, java.lang.Object, int, java.lang.Object)'> (0x00000000eac8ae80) 
thrown [src/hotspot/share/interpreter/linkResolver.cpp, line 758]
Event: 3.886 Thread 0x00007fb3dc962df0 Exception <a 'java/lang/NoSuchMethodError'{0x00000000eac927c0}: 'java.lang.Object java.lang.invoke.DirectMethodHandle$Holder.newInvokeSpecial(java.lang.Object, java.lang.Object, int)'> (0x00000000eac927c0) 
thrown [src/hotspot/share/interpreter/linkResolver.cpp, line 758]
Event: 3.892 Thread 0x00007fb3001787e0 Exception <a 'java/lang/NoSuchMethodError'{0x00000000eae236d0}: 'java.lang.Object java.lang.invoke.DirectMethodHandle$Holder.newInvokeSpecial(java.lang.Object, java.lang.Object, java.lang.Object, java.lang.Object, java.lang.Object, java.lang.Object)'> (0x00000000eae236d0) 
thrown [src/hotspot/share/interpreter/linkResolver.cpp, line 758]
Event: 3.893 Thread 0x00007fb3001787e0 Exception <a 'java/lang/NoSuchMethodError'{0x00000000eae34970}: 'int java.lang.invoke.DirectMethodHandle$Holder.invokeStatic(java.lang.Object)'> (0x00000000eae34970) 
thrown [src/hotspot/share/interpreter/linkResolver.cpp, line 758]
Event: 3.902 Thread 0x00007fb3001787e0 Exception <a 'java/io/FileNotFoundException'{0x00000000eb0ca308}> (0x00000000eb0ca308) 
thrown [src/hotspot/share/prims/jni.cpp, line 516]
Event: 3.902 Thread 0x00007fb3001787e0 Exception <a 'java/io/FileNotFoundException'{0x00000000eb0cb7d0}> (0x00000000eb0cb7d0) 
thrown [src/hotspot/share/prims/jni.cpp, line 516]
Event: 3.969 Thread 0x00007fb32800a760 Exception <a 'java/io/FileNotFoundException'{0x00000000eb1f9f48}> (0x00000000eb1f9f48) 
thrown [src/hotspot/share/prims/jni.cpp, line 516]
Event: 4.512 Thread 0x00007fb3001bf830 Implicit null exception at 0x00007fb3d21db83b to 0x00007fb3d21dba18
Event: 9.711 Thread 0x00007fb3dc961ab0 Exception <a 'sun/nio/fs/UnixException'{0x00000000eb0f2b70}> (0x00000000eb0f2b70) 
thrown [src/hotspot/share/prims/jni.cpp, line 516]
Event: 17.180 Thread 0x00007fb350989c50 Implicit null exception at 0x00007fb3d21388b3 to 0x00007fb3d2138cc8
Event: 17.286 Thread 0x00007fb350989c50 Implicit null exception at 0x00007fb3d24cd14f to 0x00007fb3d24cd24c
Event: 17.745 Thread 0x00007fb350989c50 Implicit null exception at 0x00007fb3d2572be4 to 0x00007fb3d2576cd0
Event: 19.935 Thread 0x00007fb350989c50 Exception <a 'sun/nio/fs/UnixException'{0x00000000ebe07b68}> (0x00000000ebe07b68) 
thrown [src/hotspot/share/prims/jni.cpp, line 516]
Event: 21.792 Thread 0x00007fb3001bf830 Implicit null exception at 0x00007fb3d2129778 to 0x00007fb3d2129b74
Event: 21.800 Thread 0x00007fb2f4093130 Implicit null exception at 0x00007fb3d264479b to 0x00007fb3d2644c70
Event: 63.374 Thread 0x00007fb3dc962df0 Exception <a 'java/lang/ArrayIndexOutOfBoundsException'{0x00000000ed917a28}: Index 5762 out of bounds for length 5762> (0x00000000ed917a28) 
thrown [src/hotspot/share/interpreter/interpreterRuntime.cpp, line 428]

VM Operations (20 events):
Event: 26.816 Executing VM operation: Cleanup done
Event: 30.816 Executing VM operation: Cleanup
Event: 30.817 Executing VM operation: Cleanup done
Event: 60.057 Executing VM operation: HandshakeAllThreads
Event: 60.057 Executing VM operation: HandshakeAllThreads done
Event: 62.057 Executing VM operation: Cleanup
Event: 62.058 Executing VM operation: Cleanup done
Event: 63.363 Executing VM operation: HandshakeAllThreads
Event: 63.363 Executing VM operation: HandshakeAllThreads done
Event: 63.363 Executing VM operation: Cleanup
Event: 63.363 Executing VM operation: Cleanup done
Event: 63.366 Executing VM operation: HandshakeAllThreads
Event: 63.367 Executing VM operation: HandshakeAllThreads done
Event: 63.368 Executing VM operation: HandshakeAllThreads
Event: 63.368 Executing VM operation: HandshakeAllThreads done
Event: 63.370 Executing VM operation: HandshakeAllThreads
Event: 63.371 Executing VM operation: HandshakeAllThreads done
Event: 63.372 Executing VM operation: HandshakeAllThreads
Event: 63.372 Executing VM operation: HandshakeAllThreads done
Event: 63.379 Executing VM operation: ParallelGCFailedAllocation

Events (20 events):
Event: 25.826 Thread 0x00007fb33c15aa40 Thread added: 0x00007fb33c15aa40
Event: 25.826 Protecting memory [0x00007fb3bd8e6000,0x00007fb3bd8ea000] with protection modes 0
Event: 25.826 Thread 0x00007fb33c15b000 Thread added: 0x00007fb33c15b000
Event: 25.826 Protecting memory [0x00007fb31f6a9000,0x00007fb31f6ad000] with protection modes 0
Event: 26.584 Thread 0x00007fb3980bd3d0 Thread exited: 0x00007fb3980bd3d0
Event: 26.585 Thread 0x00007fb3980bb8f0 Thread exited: 0x00007fb3980bb8f0
Event: 30.489 Thread 0x00007fb33c15b000 Thread exited: 0x00007fb33c15b000
Event: 30.495 Thread 0x00007fb3980bd320 Thread added: 0x00007fb3980bd320
Event: 30.495 Protecting memory [0x00007fb31f6a9000,0x00007fb31f6ad000] with protection modes 0
Event: 30.496 Thread 0x00007fb39842a400 Thread added: 0x00007fb39842a400
Event: 30.496 Protecting memory [0x00007fb3bc6f8000,0x00007fb3bc6fc000] with protection modes 0
Event: 35.508 Thread 0x00007fb33c15aa40 Thread exited: 0x00007fb33c15aa40
Event: 35.513 Thread 0x00007fb39842a400 Thread exited: 0x00007fb39842a400
Event: 35.515 Thread 0x00007fb3980bd320 Thread exited: 0x00007fb3980bd320
Event: 40.508 Thread 0x00007fb3980b6630 Thread exited: 0x00007fb3980b6630
Event: 60.240 Thread 0x00007fb3dc5575d0 Thread exited: 0x00007fb3dc5575d0
Event: 63.377 Thread 0x00007fb39842a400 Thread added: 0x00007fb39842a400
Event: 63.377 Protecting memory [0x00007fb3bdee8000,0x00007fb3bdeec000] with protection modes 0
Event: 63.377 Thread 0x00007fb3980b6630 Thread added: 0x00007fb3980b6630
Event: 63.377 Protecting memory [0x00007fb31f6a9000,0x00007fb31f6ad000] with protection modes 0


Dynamic libraries:
c0000000-d9000000 rw-p 00000000 00:00 0 
d9000000-eab00000 ---p 00000000 00:00 0 
eab00000-f1100000 rw-p 00000000 00:00 0 
f1100000-100000000 ---p 00000000 00:00 0 
100000000-100020000 rw-p 00000000 00:00 0 
100020000-100040000 rw-p 00000000 00:00 0 
100040000-1000c0000 rw-p 00000000 00:00 0 
1000c0000-1000e0000 rw-p 00000000 00:00 0 
1000e0000-100140000 rw-p 00000000 00:00 0 
100140000-100180000 rw-p 00000000 00:00 0 
100180000-1001c0000 rw-p 00000000 00:00 0 
1001c0000-100200000 rw-p 00000000 00:00 0 
100200000-100300000 rw-p 00000000 00:00 0 
100300000-100570000 rw-p 00000000 00:00 0 
100570000-100580000 ---p 00000000 00:00 0 
100580000-1007d0000 rw-p 00000000 00:00 0 
1007d0000-140000000 ---p 00000000 00:00 0 
55b092a2b000-55b092a2c000 r--p 00000000 08:20 39915                      /home/jelynfish/.vscode-server/extensions/redhat.java-1.23.0-linux-x64/jre/17.0.8.1-linux-x86_64/bin/java
55b092a2c000-55b092a2d000 r-xp 00001000 08:20 39915                      /home/jelynfish/.vscode-server/extensions/redhat.java-1.23.0-linux-x64/jre/17.0.8.1-linux-x86_64/bin/java
55b092a2d000-55b092a2e000 r--p 00002000 08:20 39915                      /home/jelynfish/.vscode-server/extensions/redhat.java-1.23.0-linux-x64/jre/17.0.8.1-linux-x86_64/bin/java
55b092a2e000-55b092a2f000 r--p 00002000 08:20 39915                      /home/jelynfish/.vscode-server/extensions/redhat.java-1.23.0-linux-x64/jre/17.0.8.1-linux-x86_64/bin/java
55b092a2f000-55b092a30000 rw-p 00003000 08:20 39915                      /home/jelynfish/.vscode-server/extensions/redhat.java-1.23.0-linux-x64/jre/17.0.8.1-linux-x86_64/bin/java
55b094820000-55b094868000 rw-p 00000000 00:00 0                          [heap]
7fb2b4000000-7fb2b44e8000 rw-p 00000000 00:00 0 
7fb2b44e8000-7fb2b8000000 ---p 00000000 00:00 0 
7fb2bc000000-7fb2bd3cd000 rw-p 00000000 00:00 0 
7fb2bd3cd000-7fb2c0000000 ---p 00000000 00:00 0 
7fb2c0000000-7fb2c0021000 rw-p 00000000 00:00 0 
7fb2c0021000-7fb2c4000000 ---p 00000000 00:00 0 
7fb2c4000000-7fb2c414c000 rw-p 00000000 00:00 0 
7fb2c414c000-7fb2c8000000 ---p 00000000 00:00 0 
7fb2c8000000-7fb2c8021000 rw-p 00000000 00:00 0 
7fb2c8021000-7fb2cc000000 ---p 00000000 00:00 0 
7fb2cc000000-7fb2cc024000 rw-p 00000000 00:00 0 
7fb2cc024000-7fb2d0000000 ---p 00000000 00:00 0 
7fb2d0000000-7fb2d0021000 rw-p 00000000 00:00 0 
7fb2d0021000-7fb2d4000000 ---p 00000000 00:00 0 
7fb2d4000000-7fb2d4021000 rw-p 00000000 00:00 0 
7fb2d4021000-7fb2d8000000 ---p 00000000 00:00 0 
7fb2d8000000-7fb2d8037000 rw-p 00000000 00:00 0 
7fb2d8037000-7fb2dc000000 ---p 00000000 00:00 0 
7fb2dc000000-7fb2dc021000 rw-p 00000000 00:00 0 
7fb2dc021000-7fb2e0000000 ---p 00000000 00:00 0 
7fb2e0000000-7fb2e003b000 rw-p 00000000 00:00 0 
7fb2e003b000-7fb2e4000000 ---p 00000000 00:00 0 
7fb2e4000000-7fb2e4021000 rw-p 00000000 00:00 0 
7fb2e4021000-7fb2e8000000 ---p 00000000 00:00 0 
7fb2e82d9000-7fb2f0000000 r--s 00000000 08:20 19540                      /usr/lib/jvm/java-17-openjdk-amd64/lib/modules
7fb2f0000000-7fb2f005f000 rw-p 00000000 00:00 0 
7fb2f005f000-7fb2f4000000 ---p 00000000 00:00 0 
7fb2f4000000-7fb2f40e6000 rw-p 00000000 00:00 0 
7fb2f40e6000-7fb2f8000000 ---p 00000000 00:00 0 
7fb2f8000000-7fb2f86bf000 rw-p 00000000 00:00 0 
7fb2f86bf000-7fb2fc000000 ---p 00000000 00:00 0 
7fb2fc000000-7fb2fcd54000 rw-p 00000000 00:00 0 
7fb2fcd54000-7fb300000000 ---p 00000000 00:00 0 
7fb300000000-7fb30020c000 rw-p 00000000 00:00 0 
7fb30020c000-7fb304000000 ---p 00000000 00:00 0 
7fb304000000-7fb3047bc000 rw-p 00000000 00:00 0 
7fb3047bc000-7fb308000000 ---p 00000000 00:00 0 
7fb308000000-7fb308021000 rw-p 00000000 00:00 0 
7fb308021000-7fb30c000000 ---p 00000000 00:00 0 
7fb30c000000-7fb30c021000 rw-p 00000000 00:00 0 
7fb30c021000-7fb310000000 ---p 00000000 00:00 0 
7fb310000000-7fb310028000 rw-p 00000000 00:00 0 
7fb310028000-7fb314000000 ---p 00000000 00:00 0 
7fb314000000-7fb314200000 rw-p 00000000 00:00 0 
7fb314200000-7fb318000000 ---p 00000000 00:00 0 
7fb318000000-7fb318553000 rw-p 00000000 00:00 0 
7fb318553000-7fb31c000000 ---p 00000000 00:00 0 
7fb31e8a9000-7fb31e8ad000 ---p 00000000 00:00 0 
7fb31e8ad000-7fb31e9a9000 rw-p 00000000 00:00 0 
7fb31e9a9000-7fb31e9ad000 ---p 00000000 00:00 0 
7fb31e9ad000-7fb31eaa9000 rw-p 00000000 00:00 0 
7fb31eaa9000-7fb31eaad000 ---p 00000000 00:00 0 
7fb31eaad000-7fb31eba9000 rw-p 00000000 00:00 0 
7fb31eba9000-7fb31ebad000 ---p 00000000 00:00 0 
7fb31ebad000-7fb31eca9000 rw-p 00000000 00:00 0 
7fb31eca9000-7fb31ecad000 ---p 00000000 00:00 0 
7fb31ecad000-7fb31eda9000 rw-p 00000000 00:00 0 
7fb31eda9000-7fb31edad000 ---p 00000000 00:00 0 
7fb31edad000-7fb31eea9000 rw-p 00000000 00:00 0 
7fb31eea9000-7fb31eead000 ---p 00000000 00:00 0 
7fb31eead000-7fb31efa9000 rw-p 00000000 00:00 0 
7fb31efa9000-7fb31efad000 ---p 00000000 00:00 0 
7fb31efad000-7fb31f0a9000 rw-p 00000000 00:00 0 
7fb31f0a9000-7fb31f0ad000 ---p 00000000 00:00 0 
7fb31f0ad000-7fb31f1a9000 rw-p 00000000 00:00 0 
7fb31f1a9000-7fb31f1ad000 ---p 00000000 00:00 0 
7fb31f1ad000-7fb31f2a9000 rw-p 00000000 00:00 0 
7fb31f2a9000-7fb31f2ad000 ---p 00000000 00:00 0 
7fb31f2ad000-7fb31f3a9000 rw-p 00000000 00:00 0 
7fb31f3a9000-7fb31f3ad000 ---p 00000000 00:00 0 
7fb31f3ad000-7fb31f4a9000 rw-p 00000000 00:00 0 
7fb31f4a9000-7fb31f4ad000 ---p 00000000 00:00 0 
7fb31f4ad000-7fb31f5a9000 rw-p 00000000 00:00 0 
7fb31f5a9000-7fb31f5ad000 ---p 00000000 00:00 0 
7fb31f5ad000-7fb31f6a9000 rw-p 00000000 00:00 0 
7fb31f6a9000-7fb31f6ad000 ---p 00000000 00:00 0 
7fb31f6ad000-7fb31f7a9000 rw-p 00000000 00:00 0 
7fb31f7a9000-7fb31f7ad000 ---p 00000000 00:00 0 
7fb31f7ad000-7fb31f8a9000 rw-p 00000000 00:00 0 
7fb31f8a9000-7fb31f8ad000 ---p 00000000 00:00 0 
7fb31f8ad000-7fb31f9a9000 rw-p 00000000 00:00 0 
7fb31f9a9000-7fb31f9ad000 ---p 00000000 00:00 0 
7fb31f9ad000-7fb31faa9000 rw-p 00000000 00:00 0 
7fb31fb00000-7fb31fb04000 ---p 00000000 00:00 0 
7fb31fb04000-7fb31fc00000 rw-p 00000000 00:00 0 
7fb31fc00000-7fb31fc04000 ---p 00000000 00:00 0 
7fb31fc04000-7fb31fd00000 rw-p 00000000 00:00 0 
7fb31fd00000-7fb31fd04000 ---p 00000000 00:00 0 
7fb31fd04000-7fb31fe00000 rw-p 00000000 00:00 0 
7fb31fe00000-7fb31fe04000 ---p 00000000 00:00 0 
7fb31fe04000-7fb31ff00000 rw-p 00000000 00:00 0 
7fb31ff00000-7fb31ff04000 ---p 00000000 00:00 0 
7fb31ff04000-7fb320000000 rw-p 00000000 00:00 0 
7fb320000000-7fb320021000 rw-p 00000000 00:00 0 
7fb320021000-7fb324000000 ---p 00000000 00:00 0 
7fb324000000-7fb324021000 rw-p 00000000 00:00 0 
7fb324021000-7fb328000000 ---p 00000000 00:00 0 
7fb328000000-7fb328495000 rw-p 00000000 00:00 0 
7fb328495000-7fb32c000000 ---p 00000000 00:00 0 
7fb32c000000-7fb32c059000 rw-p 00000000 00:00 0 
7fb32c059000-7fb330000000 ---p 00000000 00:00 0 
7fb330000000-7fb330021000 rw-p 00000000 00:00 0 
7fb330021000-7fb334000000 ---p 00000000 00:00 0 
7fb334000000-7fb334021000 rw-p 00000000 00:00 0 
7fb334021000-7fb338000000 ---p 00000000 00:00 0 
7fb338000000-7fb338021000 rw-p 00000000 00:00 0 
7fb338021000-7fb33c000000 ---p 00000000 00:00 0 
7fb33c000000-7fb33c505000 rw-p 00000000 00:00 0 
7fb33c505000-7fb340000000 ---p 00000000 00:00 0 
7fb340000000-7fb340021000 rw-p 00000000 00:00 0 
7fb340021000-7fb344000000 ---p 00000000 00:00 0 
7fb344000000-7fb344021000 rw-p 00000000 00:00 0 
7fb344021000-7fb348000000 ---p 00000000 00:00 0 
7fb348000000-7fb348021000 rw-p 00000000 00:00 0 
7fb348021000-7fb34c000000 ---p 00000000 00:00 0 
7fb34c000000-7fb34c021000 rw-p 00000000 00:00 0 
7fb34c021000-7fb350000000 ---p 00000000 00:00 0 
7fb350000000-7fb350a72000 rw-p 00000000 00:00 0 
7fb350a72000-7fb354000000 ---p 00000000 00:00 0 
7fb354000000-7fb354021000 rw-p 00000000 00:00 0 
7fb354021000-7fb358000000 ---p 00000000 00:00 0 
7fb358000000-7fb358021000 rw-p 00000000 00:00 0 
7fb358021000-7fb35c000000 ---p 00000000 00:00 0 
7fb35c000000-7fb35c021000 rw-p 00000000 00:00 0 
7fb35c021000-7fb360000000 ---p 00000000 00:00 0 
7fb360000000-7fb360021000 rw-p 00000000 00:00 0 
7fb360021000-7fb364000000 ---p 00000000 00:00 0 
7fb364000000-7fb364021000 rw-p 00000000 00:00 0 
7fb364021000-7fb368000000 ---p 00000000 00:00 0 
7fb368000000-7fb368021000 rw-p 00000000 00:00 0 
7fb368021000-7fb36c000000 ---p 00000000 00:00 0 
7fb36c000000-7fb36c021000 rw-p 00000000 00:00 0 
7fb36c021000-7fb370000000 ---p 00000000 00:00 0 
7fb370000000-7fb370022000 rw-p 00000000 00:00 0 
7fb370022000-7fb374000000 ---p 00000000 00:00 0 
7fb374000000-7fb374403000 rw-p 00000000 00:00 0 
7fb374403000-7fb378000000 ---p 00000000 00:00 0 
7fb378000000-7fb378021000 rw-p 00000000 00:00 0 
7fb378021000-7fb37c000000 ---p 00000000 00:00 0 
7fb37c000000-7fb37d81b000 rw-p 00000000 00:00 0 
7fb37d81b000-7fb380000000 ---p 00000000 00:00 0 
7fb380000000-7fb381b16000 rw-p 00000000 00:00 0 
7fb381b16000-7fb384000000 ---p 00000000 00:00 0 
7fb384000000-7fb384021000 rw-p 00000000 00:00 0 
7fb384021000-7fb388000000 ---p 00000000 00:00 0 
7fb388000000-7fb388587000 rw-p 00000000 00:00 0 
7fb388587000-7fb38c000000 ---p 00000000 00:00 0 
7fb38c000000-7fb38d30f000 rw-p 00000000 00:00 0 
7fb38d30f000-7fb390000000 ---p 00000000 00:00 0 
7fb390000000-7fb390021000 rw-p 00000000 00:00 0 
7fb390021000-7fb394000000 ---p 00000000 00:00 0 
7fb394000000-7fb395438000 rw-p 00000000 00:00 0 
7fb395438000-7fb398000000 ---p 00000000 00:00 0 
7fb398000000-7fb3986b3000 rw-p 00000000 00:00 0 
7fb3986b3000-7fb39c000000 ---p 00000000 00:00 0 
7fb39c000000-7fb39c149000 rw-p 00000000 00:00 0 
7fb39c149000-7fb3a0000000 ---p 00000000 00:00 0 
7fb3a0000000-7fb3a0021000 rw-p 00000000 00:00 0 
7fb3a0021000-7fb3a4000000 ---p 00000000 00:00 0 
7fb3a4000000-7fb3a57a2000 rw-p 00000000 00:00 0 
7fb3a57a2000-7fb3a8000000 ---p 00000000 00:00 0 
7fb3a8000000-7fb3a8021000 rw-p 00000000 00:00 0 
7fb3a8021000-7fb3ac000000 ---p 00000000 00:00 0 
7fb3ac000000-7fb3ac021000 rw-p 00000000 00:00 0 
7fb3ac021000-7fb3b0000000 ---p 00000000 00:00 0 
7fb3b0000000-7fb3b0021000 rw-p 00000000 00:00 0 
7fb3b0021000-7fb3b4000000 ---p 00000000 00:00 0 
7fb3b4000000-7fb3b4021000 rw-p 00000000 00:00 0 
7fb3b4021000-7fb3b8000000 ---p 00000000 00:00 0 
7fb3b8000000-7fb3b8021000 rw-p 00000000 00:00 0 
7fb3b8021000-7fb3bc000000 ---p 00000000 00:00 0 
7fb3bc0f2000-7fb3bc0f3000 ---p 00000000 00:00 0 
7fb3bc0f3000-7fb3bc1f4000 rw-p 00000000 00:00 0 
7fb3bc1f4000-7fb3bc1f5000 ---p 00000000 00:00 0 
7fb3bc1f5000-7fb3bc2f6000 rw-p 00000000 00:00 0 
7fb3bc2f6000-7fb3bc2fa000 ---p 00000000 00:00 0 
7fb3bc2fa000-7fb3bc3f6000 rw-p 00000000 00:00 0 
7fb3bc3f6000-7fb3bc3fa000 ---p 00000000 00:00 0 
7fb3bc3fa000-7fb3bc4f6000 rw-p 00000000 00:00 0 
7fb3bc4f6000-7fb3bc4f7000 ---p 00000000 00:00 0 
7fb3bc4f7000-7fb3bc5f8000 rw-p 00000000 00:00 0 
7fb3bc5f8000-7fb3bc5fc000 ---p 00000000 00:00 0 
7fb3bc5fc000-7fb3bc6f8000 rw-p 00000000 00:00 0 
7fb3bc6f8000-7fb3bc6fc000 ---p 00000000 00:00 0 
7fb3bc6fc000-7fb3bc7f8000 rw-p 00000000 00:00 0 
7fb3bc7f8000-7fb3bc7f9000 ---p 00000000 00:00 0 
7fb3bc7f9000-7fb3bc8fa000 rw-p 00000000 00:00 0 
7fb3bc8fa000-7fb3bc8fb000 ---p 00000000 00:00 0 
7fb3bc8fb000-7fb3bc9fc000 rw-p 00000000 00:00 0 
7fb3bc9fc000-7fb3bca00000 ---p 00000000 00:00 0 
7fb3bca00000-7fb3bcafc000 rw-p 00000000 00:00 0 
7fb3bcafc000-7fb3bcb00000 ---p 00000000 00:00 0 
7fb3bcb00000-7fb3bcbfc000 rw-p 00000000 00:00 0 
7fb3bcbfc000-7fb3bcbfd000 ---p 00000000 00:00 0 
7fb3bcbfd000-7fb3bccfe000 rw-p 00000000 00:00 0 
7fb3bccfe000-7fb3bccff000 ---p 00000000 00:00 0 
7fb3bccff000-7fb3bce00000 rw-p 00000000 00:00 0 
7fb3bce00000-7fb3bce10000 r-xp 00000000 08:20 32283                      /home/jelynfish/.vscode-server/data/User/globalStorage/redhat.java/1.23.0/config_linux/org.eclipse.equinox.launcher/org.eclipse.equinox.launcher.gtk.linux.x86_64_1.2.700.v20221108-1024/eclipse_11801.so
7fb3bce10000-7fb3bd00f000 ---p 00010000 08:20 32283                      /home/jelynfish/.vscode-server/data/User/globalStorage/redhat.java/1.23.0/config_linux/org.eclipse.equinox.launcher/org.eclipse.equinox.launcher.gtk.linux.x86_64_1.2.700.v20221108-1024/eclipse_11801.so
7fb3bd00f000-7fb3bd010000 r--p 0000f000 08:20 32283                      /home/jelynfish/.vscode-server/data/User/globalStorage/redhat.java/1.23.0/config_linux/org.eclipse.equinox.launcher/org.eclipse.equinox.launcher.gtk.linux.x86_64_1.2.700.v20221108-1024/eclipse_11801.so
7fb3bd010000-7fb3bd011000 rw-p 00010000 08:20 32283                      /home/jelynfish/.vscode-server/data/User/globalStorage/redhat.java/1.23.0/config_linux/org.eclipse.equinox.launcher/org.eclipse.equinox.launcher.gtk.linux.x86_64_1.2.700.v20221108-1024/eclipse_11801.so
7fb3bd011000-7fb3bd012000 rw-p 00000000 00:00 0 
7fb3bd0dc000-7fb3bd0e0000 ---p 00000000 00:00 0 
7fb3bd0e0000-7fb3bd1dc000 rw-p 00000000 00:00 0 
7fb3bd1dc000-7fb3bd1e0000 ---p 00000000 00:00 0 
7fb3bd1e0000-7fb3bd2dc000 rw-p 00000000 00:00 0 
7fb3bd2dc000-7fb3bd2e0000 ---p 00000000 00:00 0 
7fb3bd2e0000-7fb3bd3dc000 rw-p 00000000 00:00 0 
7fb3bd3dc000-7fb3bd3dd000 ---p 00000000 00:00 0 
7fb3bd3dd000-7fb3bd4de000 rw-p 00000000 00:00 0 
7fb3bd4de000-7fb3bd4df000 ---p 00000000 00:00 0 
7fb3bd4df000-7fb3bd5e0000 rw-p 00000000 00:00 0 
7fb3bd5e0000-7fb3bd5e1000 ---p 00000000 00:00 0 
7fb3bd5e1000-7fb3bd6e2000 rw-p 00000000 00:00 0 
7fb3bd6e2000-7fb3bd6e3000 ---p 00000000 00:00 0 
7fb3bd6e3000-7fb3bd7e4000 rw-p 00000000 00:00 0 
7fb3bd7e4000-7fb3bd7e5000 ---p 00000000 00:00 0 
7fb3bd7e5000-7fb3bd8e6000 rw-p 00000000 00:00 0 
7fb3bd8e6000-7fb3bd8ea000 ---p 00000000 00:00 0 
7fb3bd8ea000-7fb3bd9e6000 rw-p 00000000 00:00 0 
7fb3bd9e6000-7fb3bd9e7000 ---p 00000000 00:00 0 
7fb3bd9e7000-7fb3bdae8000 rw-p 00000000 00:00 0 
7fb3bdae8000-7fb3bdaec000 ---p 00000000 00:00 0 
7fb3bdaec000-7fb3bdbe8000 rw-p 00000000 00:00 0 
7fb3bdbe8000-7fb3bdbec000 ---p 00000000 00:00 0 
7fb3bdbec000-7fb3bdce8000 rw-p 00000000 00:00 0 
7fb3bdce8000-7fb3bdcec000 ---p 00000000 00:00 0 
7fb3bdcec000-7fb3bdde8000 rw-p 00000000 00:00 0 
7fb3bdde8000-7fb3bddec000 ---p 00000000 00:00 0 
7fb3bddec000-7fb3bdee8000 rw-p 00000000 00:00 0 
7fb3bdee8000-7fb3bdeec000 ---p 00000000 00:00 0 
7fb3bdeec000-7fb3bdfe8000 rw-p 00000000 00:00 0 
7fb3bdfe8000-7fb3bdfec000 ---p 00000000 00:00 0 
7fb3bdfec000-7fb3be0e8000 rw-p 00000000 00:00 0 
7fb3be0e8000-7fb3be0ec000 ---p 00000000 00:00 0 
7fb3be0ec000-7fb3be1e8000 rw-p 00000000 00:00 0 
7fb3be1e8000-7fb3be1ec000 ---p 00000000 00:00 0 
7fb3be1ec000-7fb3be2e8000 rw-p 00000000 00:00 0 
7fb3be2e8000-7fb3be2ec000 ---p 00000000 00:00 0 
7fb3be2ec000-7fb3be3e8000 rw-p 00000000 00:00 0 
7fb3be3e8000-7fb3be3ec000 ---p 00000000 00:00 0 
7fb3be3ec000-7fb3be4e8000 rw-p 00000000 00:00 0 
7fb3be4e8000-7fb3be4ec000 ---p 00000000 00:00 0 
7fb3be4ec000-7fb3be5e8000 rw-p 00000000 00:00 0 
7fb3be5e8000-7fb3be5ec000 ---p 00000000 00:00 0 
7fb3be5ec000-7fb3be6e8000 rw-p 00000000 00:00 0 
7fb3be6e8000-7fb3be6ec000 ---p 00000000 00:00 0 
7fb3be6ec000-7fb3be7e8000 rw-p 00000000 00:00 0 
7fb3be7e8000-7fb3be7ec000 ---p 00000000 00:00 0 
7fb3be7ec000-7fb3be8e8000 rw-p 00000000 00:00 0 
7fb3be8e8000-7fb3be8e9000 ---p 00000000 00:00 0 
7fb3be8e9000-7fb3c0400000 rw-p 00000000 00:00 0 
7fb3c0400000-7fb3c0460000 rw-p 00000000 00:00 0 
7fb3c0460000-7fb3c0480000 rw-p 00000000 00:00 0 
7fb3c0480000-7fb3c0500000 rw-p 00000000 00:00 0 
7fb3c0500000-7fb3c0800000 rw-p 00000000 00:00 0 
7fb3c0800000-7fb3c0880000 rw-p 00000000 00:00 0 
7fb3c0880000-7fb3c0900000 rw-p 00000000 00:00 0 
7fb3c0900000-7fb3c0b80000 rw-p 00000000 00:00 0 
7fb3c0b80000-7fb3c0c00000 rw-p 00000000 00:00 0 
7fb3c0c00000-7fb3c0d00000 rw-p 00000000 00:00 0 
7fb3c0d00000-7fb3c0e00000 rw-p 00000000 00:00 0 
7fb3c0e00000-7fb3c0f00000 rw-p 00000000 00:00 0 
7fb3c0f00000-7fb3c1100000 rw-p 00000000 00:00 0 
7fb3c1100000-7fb3c1200000 rw-p 00000000 00:00 0 
7fb3c1200000-7fb3c1700000 rw-p 00000000 00:00 0 
7fb3c1700000-7fb3c1800000 rw-p 00000000 00:00 0 
7fb3c1800000-7fb3c1f00000 rw-p 00000000 00:00 0 
7fb3c1f00000-7fb3c2000000 rw-p 00000000 00:00 0 
7fb3c2000000-7fb3c2500000 rw-p 00000000 00:00 0 
7fb3c2500000-7fb3c2600000 rw-p 00000000 00:00 0 
7fb3c2600000-7fb3c3700000 rw-p 00000000 00:00 0 
7fb3c3700000-7fb3c3780000 rw-p 00000000 00:00 0 
7fb3c3780000-7fb3c3800000 ---p 00000000 00:00 0 
7fb3c3800000-7fb3c3fa0000 rw-p 00000000 00:00 0 
7fb3c3fa0000-7fb3c4000000 ---p 00000000 00:00 0 
7fb3c4000000-7fb3c4021000 rw-p 00000000 00:00 0 
7fb3c4021000-7fb3c8000000 ---p 00000000 00:00 0 
7fb3c803a000-7fb3c803e000 ---p 00000000 00:00 0 
7fb3c803e000-7fb3c805c000 rw-p 00000000 00:00 0 
7fb3c805c000-7fb3c8060000 r--p 00000000 08:20 40312                      /home/jelynfish/.vscode-server/extensions/redhat.java-1.23.0-linux-x64/jre/17.0.8.1-linux-x86_64/lib/libnet.so
7fb3c8060000-7fb3c806e000 r-xp 00004000 08:20 40312                      /home/jelynfish/.vscode-server/extensions/redhat.java-1.23.0-linux-x64/jre/17.0.8.1-linux-x86_64/lib/libnet.so
7fb3c806e000-7fb3c8072000 r--p 00012000 08:20 40312                      /home/jelynfish/.vscode-server/extensions/redhat.java-1.23.0-linux-x64/jre/17.0.8.1-linux-x86_64/lib/libnet.so
7fb3c8072000-7fb3c8073000 r--p 00015000 08:20 40312                      /home/jelynfish/.vscode-server/extensions/redhat.java-1.23.0-linux-x64/jre/17.0.8.1-linux-x86_64/lib/libnet.so
7fb3c8073000-7fb3c8074000 rw-p 00016000 08:20 40312                      /home/jelynfish/.vscode-server/extensions/redhat.java-1.23.0-linux-x64/jre/17.0.8.1-linux-x86_64/lib/libnet.so
7fb3c8074000-7fb3c807b000 r--p 00000000 08:20 40313                      /home/jelynfish/.vscode-server/extensions/redhat.java-1.23.0-linux-x64/jre/17.0.8.1-linux-x86_64/lib/libnio.so
7fb3c807b000-7fb3c8084000 r-xp 00007000 08:20 40313                      /home/jelynfish/.vscode-server/extensions/redhat.java-1.23.0-linux-x64/jre/17.0.8.1-linux-x86_64/lib/libnio.so
7fb3c8084000-7fb3c8088000 r--p 00010000 08:20 40313                      /home/jelynfish/.vscode-server/extensions/redhat.java-1.23.0-linux-x64/jre/17.0.8.1-linux-x86_64/lib/libnio.so
7fb3c8088000-7fb3c8089000 ---p 00014000 08:20 40313                      /home/jelynfish/.vscode-server/extensions/redhat.java-1.23.0-linux-x64/jre/17.0.8.1-linux-x86_64/lib/libnio.so
7fb3c8089000-7fb3c808a000 r--p 00014000 08:20 40313                      /home/jelynfish/.vscode-server/extensions/redhat.java-1.23.0-linux-x64/jre/17.0.8.1-linux-x86_64/lib/libnio.so
7fb3c808a000-7fb3c808b000 rw-p 00015000 08:20 40313                      /home/jelynfish/.vscode-server/extensions/redhat.java-1.23.0-linux-x64/jre/17.0.8.1-linux-x86_64/lib/libnio.so
7fb3c808b000-7fb3c80e2000 r--p 00000000 08:20 2331                       /usr/lib/locale/C.utf8/LC_CTYPE
7fb3c80e2000-7fb3ca3e5000 rw-p 00000000 00:00 0 
7fb3ca3e5000-7fb3cb6a5000 rwxp 00000000 00:00 0 
7fb3cb6a5000-7fb3d1844000 ---p 00000000 00:00 0 
7fb3d1844000-7fb3d1b74000 rwxp 00000000 00:00 0 
7fb3d1b74000-7fb3d1f85000 ---p 00000000 00:00 0 
7fb3d1f85000-7fb3d26d5000 rwxp 00000000 00:00 0 
7fb3d26d5000-7fb3d93e5000 ---p 00000000 00:00 0 
7fb3d93e5000-7fb3dc000000 r--s 00000000 08:20 40321                      /home/jelynfish/.vscode-server/extensions/redhat.java-1.23.0-linux-x64/jre/17.0.8.1-linux-x86_64/lib/modules
7fb3dc000000-7fb3dc966000 rw-p 00000000 00:00 0 
7fb3dc966000-7fb3e0000000 ---p 00000000 00:00 0 
7fb3e0006000-7fb3e000a000 r--p 00000000 08:20 40319                      /home/jelynfish/.vscode-server/extensions/redhat.java-1.23.0-linux-x64/jre/17.0.8.1-linux-x86_64/lib/libverify.so
7fb3e000a000-7fb3e0011000 r-xp 00004000 08:20 40319                      /home/jelynfish/.vscode-server/extensions/redhat.java-1.23.0-linux-x64/jre/17.0.8.1-linux-x86_64/lib/libverify.so
7fb3e0011000-7fb3e0013000 r--p 0000b000 08:20 40319                      /home/jelynfish/.vscode-server/extensions/redhat.java-1.23.0-linux-x64/jre/17.0.8.1-linux-x86_64/lib/libverify.so
7fb3e0013000-7fb3e0015000 r--p 0000c000 08:20 40319                      /home/jelynfish/.vscode-server/extensions/redhat.java-1.23.0-linux-x64/jre/17.0.8.1-linux-x86_64/lib/libverify.so
7fb3e0015000-7fb3e0016000 rw-p 0000e000 08:20 40319                      /home/jelynfish/.vscode-server/extensions/redhat.java-1.23.0-linux-x64/jre/17.0.8.1-linux-x86_64/lib/libverify.so
7fb3e0016000-7fb3e0017000 r--p 00000000 08:20 2338                       /usr/lib/locale/C.utf8/LC_NUMERIC
7fb3e0017000-7fb3e0018000 r--p 00000000 08:20 2341                       /usr/lib/locale/C.utf8/LC_TIME
7fb3e0018000-7fb3e0019000 r--p 00000000 08:20 2330                       /usr/lib/locale/C.utf8/LC_COLLATE
7fb3e0019000-7fb3e001a000 r--p 00000000 08:20 2336                       /usr/lib/locale/C.utf8/LC_MONETARY
7fb3e001a000-7fb3e001b000 r--p 00000000 08:20 2335                       /usr/lib/locale/C.utf8/LC_MESSAGES/SYS_LC_MESSAGES
7fb3e001b000-7fb3e001c000 r--p 00000000 08:20 2339                       /usr/lib/locale/C.utf8/LC_PAPER
7fb3e001c000-7fb3e001d000 r--p 00000000 08:20 2337                       /usr/lib/locale/C.utf8/LC_NAME
7fb3e001d000-7fb3e0024000 r--s 00000000 08:20 6259                       /usr/lib/x86_64-linux-gnu/gconv/gconv-modules.cache
7fb3e0024000-7fb3e1135000 rw-p 00000000 00:00 0 
7fb3e1135000-7fb3e1137000 r--p 00000000 08:20 40320                      /home/jelynfish/.vscode-server/extensions/redhat.java-1.23.0-linux-x64/jre/17.0.8.1-linux-x86_64/lib/libzip.so
7fb3e1137000-7fb3e113b000 r-xp 00002000 08:20 40320                      /home/jelynfish/.vscode-server/extensions/redhat.java-1.23.0-linux-x64/jre/17.0.8.1-linux-x86_64/lib/libzip.so
7fb3e113b000-7fb3e113d000 r--p 00006000 08:20 40320                      /home/jelynfish/.vscode-server/extensions/redhat.java-1.23.0-linux-x64/jre/17.0.8.1-linux-x86_64/lib/libzip.so
7fb3e113d000-7fb3e113e000 r--p 00007000 08:20 40320                      /home/jelynfish/.vscode-server/extensions/redhat.java-1.23.0-linux-x64/jre/17.0.8.1-linux-x86_64/lib/libzip.so
7fb3e113e000-7fb3e113f000 rw-p 00008000 08:20 40320                      /home/jelynfish/.vscode-server/extensions/redhat.java-1.23.0-linux-x64/jre/17.0.8.1-linux-x86_64/lib/libzip.so
7fb3e113f000-7fb3e1538000 rw-p 00000000 00:00 0 
7fb3e1538000-7fb3e15c6000 ---p 00000000 00:00 0 
7fb3e15c6000-7fb3e15c7000 ---p 00000000 00:00 0 
7fb3e15c7000-7fb3e1790000 rw-p 00000000 00:00 0 
7fb3e1790000-7fb3e181d000 ---p 00000000 00:00 0 
7fb3e181d000-7fb3e1851000 rw-p 00000000 00:00 0 
7fb3e1851000-7fb3e18c8000 ---p 00000000 00:00 0 
7fb3e18c8000-7fb3e18d8000 rw-p 00000000 00:00 0 
7fb3e18d8000-7fb3e19b2000 ---p 00000000 00:00 0 
7fb3e19b2000-7fb3e19d8000 rw-p 00000000 00:00 0 
7fb3e19d8000-7fb3e1a9b000 ---p 00000000 00:00 0 
7fb3e1a9b000-7fb3e1aa2000 rw-p 00000000 00:00 0 
7fb3e1aa2000-7fb3e1aaa000 ---p 00000000 00:00 0 
7fb3e1aaa000-7fb3e1ab2000 rw-s 00000000 08:20 28932                      /tmp/hsperfdata_jelynfish/199
7fb3e1ab2000-7fb3e1abf000 r--p 00000000 08:20 40299                      /home/jelynfish/.vscode-server/extensions/redhat.java-1.23.0-linux-x64/jre/17.0.8.1-linux-x86_64/lib/libjava.so
7fb3e1abf000-7fb3e1ad1000 r-xp 0000d000 08:20 40299                      /home/jelynfish/.vscode-server/extensions/redhat.java-1.23.0-linux-x64/jre/17.0.8.1-linux-x86_64/lib/libjava.so
7fb3e1ad1000-7fb3e1ad7000 r--p 0001f000 08:20 40299                      /home/jelynfish/.vscode-server/extensions/redhat.java-1.23.0-linux-x64/jre/17.0.8.1-linux-x86_64/lib/libjava.so
7fb3e1ad7000-7fb3e1ad8000 ---p 00025000 08:20 40299                      /home/jelynfish/.vscode-server/extensions/redhat.java-1.23.0-linux-x64/jre/17.0.8.1-linux-x86_64/lib/libjava.so
7fb3e1ad8000-7fb3e1ad9000 r--p 00025000 08:20 40299                      /home/jelynfish/.vscode-server/extensions/redhat.java-1.23.0-linux-x64/jre/17.0.8.1-linux-x86_64/lib/libjava.so
7fb3e1ad9000-7fb3e1ada000 rw-p 00026000 08:20 40299                      /home/jelynfish/.vscode-server/extensions/redhat.java-1.23.0-linux-x64/jre/17.0.8.1-linux-x86_64/lib/libjava.so
7fb3e1ada000-7fb3e1adb000 rw-p 00000000 00:00 0 
7fb3e1adb000-7fb3e1add000 r--p 00000000 08:20 40294                      /home/jelynfish/.vscode-server/extensions/redhat.java-1.23.0-linux-x64/jre/17.0.8.1-linux-x86_64/lib/libinstrument.so
7fb3e1add000-7fb3e1ae3000 r-xp 00002000 08:20 40294                      /home/jelynfish/.vscode-server/extensions/redhat.java-1.23.0-linux-x64/jre/17.0.8.1-linux-x86_64/lib/libinstrument.so
7fb3e1ae3000-7fb3e1ae6000 r--p 00008000 08:20 40294                      /home/jelynfish/.vscode-server/extensions/redhat.java-1.23.0-linux-x64/jre/17.0.8.1-linux-x86_64/lib/libinstrument.so
7fb3e1ae6000-7fb3e1ae7000 r--p 0000a000 08:20 40294                      /home/jelynfish/.vscode-server/extensions/redhat.java-1.23.0-linux-x64/jre/17.0.8.1-linux-x86_64/lib/libinstrument.so
7fb3e1ae7000-7fb3e1ae8000 rw-p 0000b000 08:20 40294                      /home/jelynfish/.vscode-server/extensions/redhat.java-1.23.0-linux-x64/jre/17.0.8.1-linux-x86_64/lib/libinstrument.so
7fb3e1ae8000-7fb3e1aec000 r--p 00000000 08:20 40303                      /home/jelynfish/.vscode-server/extensions/redhat.java-1.23.0-linux-x64/jre/17.0.8.1-linux-x86_64/lib/libjimage.so
7fb3e1aec000-7fb3e1aff000 r-xp 00004000 08:20 40303                      /home/jelynfish/.vscode-server/extensions/redhat.java-1.23.0-linux-x64/jre/17.0.8.1-linux-x86_64/lib/libjimage.so
7fb3e1aff000-7fb3e1b05000 r--p 00017000 08:20 40303                      /home/jelynfish/.vscode-server/extensions/redhat.java-1.23.0-linux-x64/jre/17.0.8.1-linux-x86_64/lib/libjimage.so
7fb3e1b05000-7fb3e1b07000 r--p 0001c000 08:20 40303                      /home/jelynfish/.vscode-server/extensions/redhat.java-1.23.0-linux-x64/jre/17.0.8.1-linux-x86_64/lib/libjimage.so
7fb3e1b07000-7fb3e1b08000 rw-p 0001e000 08:20 40303                      /home/jelynfish/.vscode-server/extensions/redhat.java-1.23.0-linux-x64/jre/17.0.8.1-linux-x86_64/lib/libjimage.so
7fb3e1b08000-7fb3e1b0c000 ---p 00000000 00:00 0 
7fb3e1b0c000-7fb3e1c08000 rw-p 00000000 00:00 0 
7fb3e1c08000-7fb3e1c16000 r--p 00000000 08:20 6650                       /usr/lib/x86_64-linux-gnu/libm.so.6
7fb3e1c16000-7fb3e1c92000 r-xp 0000e000 08:20 6650                       /usr/lib/x86_64-linux-gnu/libm.so.6
7fb3e1c92000-7fb3e1ced000 r--p 0008a000 08:20 6650                       /usr/lib/x86_64-linux-gnu/libm.so.6
7fb3e1ced000-7fb3e1cee000 r--p 000e4000 08:20 6650                       /usr/lib/x86_64-linux-gnu/libm.so.6
7fb3e1cee000-7fb3e1cef000 rw-p 000e5000 08:20 6650                       /usr/lib/x86_64-linux-gnu/libm.so.6
7fb3e1cef000-7fb3e1cf0000 r--p 00000000 08:20 6769                       /usr/lib/x86_64-linux-gnu/librt.so.1
7fb3e1cf0000-7fb3e1cf1000 r-xp 00001000 08:20 6769                       /usr/lib/x86_64-linux-gnu/librt.so.1
7fb3e1cf1000-7fb3e1cf2000 r--p 00002000 08:20 6769                       /usr/lib/x86_64-linux-gnu/librt.so.1
7fb3e1cf2000-7fb3e1cf3000 r--p 00002000 08:20 6769                       /usr/lib/x86_64-linux-gnu/librt.so.1
7fb3e1cf3000-7fb3e1cf4000 rw-p 00003000 08:20 6769                       /usr/lib/x86_64-linux-gnu/librt.so.1
7fb3e1cf4000-7fb3e1f47000 r--p 00000000 08:20 40331                      /home/jelynfish/.vscode-server/extensions/redhat.java-1.23.0-linux-x64/jre/17.0.8.1-linux-x86_64/lib/server/libjvm.so
7fb3e1f47000-7fb3e2c69000 r-xp 00253000 08:20 40331                      /home/jelynfish/.vscode-server/extensions/redhat.java-1.23.0-linux-x64/jre/17.0.8.1-linux-x86_64/lib/server/libjvm.so
7fb3e2c69000-7fb3e2ef6000 r--p 00f75000 08:20 40331                      /home/jelynfish/.vscode-server/extensions/redhat.java-1.23.0-linux-x64/jre/17.0.8.1-linux-x86_64/lib/server/libjvm.so
7fb3e2ef6000-7fb3e2faf000 r--p 01201000 08:20 40331                      /home/jelynfish/.vscode-server/extensions/redhat.java-1.23.0-linux-x64/jre/17.0.8.1-linux-x86_64/lib/server/libjvm.so
7fb3e2faf000-7fb3e2fe4000 rw-p 012ba000 08:20 40331                      /home/jelynfish/.vscode-server/extensions/redhat.java-1.23.0-linux-x64/jre/17.0.8.1-linux-x86_64/lib/server/libjvm.so
7fb3e2fe4000-7fb3e3041000 rw-p 00000000 00:00 0 
7fb3e3041000-7fb3e3069000 r--p 00000000 08:20 6488                       /usr/lib/x86_64-linux-gnu/libc.so.6
7fb3e3069000-7fb3e31fe000 r-xp 00028000 08:20 6488                       /usr/lib/x86_64-linux-gnu/libc.so.6
7fb3e31fe000-7fb3e3256000 r--p 001bd000 08:20 6488                       /usr/lib/x86_64-linux-gnu/libc.so.6
7fb3e3256000-7fb3e325a000 r--p 00214000 08:20 6488                       /usr/lib/x86_64-linux-gnu/libc.so.6
7fb3e325a000-7fb3e325c000 rw-p 00218000 08:20 6488                       /usr/lib/x86_64-linux-gnu/libc.so.6
7fb3e325c000-7fb3e326b000 rw-p 00000000 00:00 0 
7fb3e326b000-7fb3e326c000 r--p 00000000 08:20 6518                       /usr/lib/x86_64-linux-gnu/libdl.so.2
7fb3e326c000-7fb3e326d000 r-xp 00001000 08:20 6518                       /usr/lib/x86_64-linux-gnu/libdl.so.2
7fb3e326d000-7fb3e326e000 r--p 00002000 08:20 6518                       /usr/lib/x86_64-linux-gnu/libdl.so.2
7fb3e326e000-7fb3e326f000 r--p 00002000 08:20 6518                       /usr/lib/x86_64-linux-gnu/libdl.so.2
7fb3e326f000-7fb3e3270000 rw-p 00003000 08:20 6518                       /usr/lib/x86_64-linux-gnu/libdl.so.2
7fb3e3270000-7fb3e3271000 r--p 00000000 08:20 6763                       /usr/lib/x86_64-linux-gnu/libpthread.so.0
7fb3e3271000-7fb3e3272000 r-xp 00001000 08:20 6763                       /usr/lib/x86_64-linux-gnu/libpthread.so.0
7fb3e3272000-7fb3e3273000 r--p 00002000 08:20 6763                       /usr/lib/x86_64-linux-gnu/libpthread.so.0
7fb3e3273000-7fb3e3274000 r--p 00002000 08:20 6763                       /usr/lib/x86_64-linux-gnu/libpthread.so.0
7fb3e3274000-7fb3e3275000 rw-p 00003000 08:20 6763                       /usr/lib/x86_64-linux-gnu/libpthread.so.0
7fb3e3275000-7fb3e3278000 r--p 00000000 08:20 40304                      /home/jelynfish/.vscode-server/extensions/redhat.java-1.23.0-linux-x64/jre/17.0.8.1-linux-x86_64/lib/libjli.so
7fb3e3278000-7fb3e3282000 r-xp 00003000 08:20 40304                      /home/jelynfish/.vscode-server/extensions/redhat.java-1.23.0-linux-x64/jre/17.0.8.1-linux-x86_64/lib/libjli.so
7fb3e3282000-7fb3e3285000 r--p 0000d000 08:20 40304                      /home/jelynfish/.vscode-server/extensions/redhat.java-1.23.0-linux-x64/jre/17.0.8.1-linux-x86_64/lib/libjli.so
7fb3e3285000-7fb3e3286000 ---p 00010000 08:20 40304                      /home/jelynfish/.vscode-server/extensions/redhat.java-1.23.0-linux-x64/jre/17.0.8.1-linux-x86_64/lib/libjli.so
7fb3e3286000-7fb3e3287000 r--p 00010000 08:20 40304                      /home/jelynfish/.vscode-server/extensions/redhat.java-1.23.0-linux-x64/jre/17.0.8.1-linux-x86_64/lib/libjli.so
7fb3e3287000-7fb3e3288000 rw-p 00011000 08:20 40304                      /home/jelynfish/.vscode-server/extensions/redhat.java-1.23.0-linux-x64/jre/17.0.8.1-linux-x86_64/lib/libjli.so
7fb3e3288000-7fb3e328a000 r--p 00000000 08:20 6844                       /usr/lib/x86_64-linux-gnu/libz.so.1.2.11
7fb3e328a000-7fb3e329b000 r-xp 00002000 08:20 6844                       /usr/lib/x86_64-linux-gnu/libz.so.1.2.11
7fb3e329b000-7fb3e32a1000 r--p 00013000 08:20 6844                       /usr/lib/x86_64-linux-gnu/libz.so.1.2.11
7fb3e32a1000-7fb3e32a2000 ---p 00019000 08:20 6844                       /usr/lib/x86_64-linux-gnu/libz.so.1.2.11
7fb3e32a2000-7fb3e32a3000 r--p 00019000 08:20 6844                       /usr/lib/x86_64-linux-gnu/libz.so.1.2.11
7fb3e32a3000-7fb3e32a4000 rw-p 0001a000 08:20 6844                       /usr/lib/x86_64-linux-gnu/libz.so.1.2.11
7fb3e32a4000-7fb3e32a5000 r--p 00000000 08:20 2329                       /usr/lib/locale/C.utf8/LC_ADDRESS
7fb3e32a5000-7fb3e32a6000 r--p 00000000 08:20 2340                       /usr/lib/locale/C.utf8/LC_TELEPHONE
7fb3e32a6000-7fb3e32a7000 r--p 00000000 08:20 2333                       /usr/lib/locale/C.utf8/LC_MEASUREMENT
7fb3e32a7000-7fb3e32a8000 r--p 00000000 08:20 2332                       /usr/lib/locale/C.utf8/LC_IDENTIFICATION
7fb3e32a8000-7fb3e32a9000 ---p 00000000 00:00 0 
7fb3e32a9000-7fb3e32aa000 r--p 00000000 00:00 0 
7fb3e32aa000-7fb3e32ac000 rw-p 00000000 00:00 0 
7fb3e32ac000-7fb3e32ae000 r--p 00000000 08:20 6292                       /usr/lib/x86_64-linux-gnu/ld-linux-x86-64.so.2
7fb3e32ae000-7fb3e32d8000 r-xp 00002000 08:20 6292                       /usr/lib/x86_64-linux-gnu/ld-linux-x86-64.so.2
7fb3e32d8000-7fb3e32e3000 r--p 0002c000 08:20 6292                       /usr/lib/x86_64-linux-gnu/ld-linux-x86-64.so.2
7fb3e32e3000-7fb3e32e4000 ---p 00000000 00:00 0 
7fb3e32e4000-7fb3e32e6000 r--p 00037000 08:20 6292                       /usr/lib/x86_64-linux-gnu/ld-linux-x86-64.so.2
7fb3e32e6000-7fb3e32e8000 rw-p 00039000 08:20 6292                       /usr/lib/x86_64-linux-gnu/ld-linux-x86-64.so.2
7ffcd338e000-7ffcd33b0000 rw-p 00000000 00:00 0                          [stack]
7ffcd33eb000-7ffcd33ef000 r--p 00000000 00:00 0                          [vvar]
7ffcd33ef000-7ffcd33f1000 r-xp 00000000 00:00 0                          [vdso]


VM Arguments:
jvm_args: --add-modules=ALL-SYSTEM --add-opens=java.base/java.util=ALL-UNNAMED --add-opens=java.base/java.lang=ALL-UNNAMED --add-opens=java.base/sun.nio.fs=ALL-UNNAMED -Declipse.application=org.eclipse.jdt.ls.core.id1 -Dosgi.bundles.defaultStartLevel=4 -Declipse.product=org.eclipse.jdt.ls.core.product -Djava.import.generatesMetadataFilesAtProjectRoot=false -DDetectVMInstallationsJob.disabled=true -Dfile.encoding=utf8 -XX:+UseParallelGC -XX:GCTimeRatio=4 -XX:AdaptiveSizePolicyWeight=90 -Dsun.zip.disableMemoryMapping=true -Xmx1G -Xms100m -Xlog:disable -javaagent:/home/jelynfish/.vscode-server/extensions/redhat.java-1.23.0-linux-x64/lombok/lombok-1.18.30.jar -XX:+HeapDumpOnOutOfMemoryError -XX:HeapDumpPath=/home/jelynfish/.vscode-server/data/User/workspaceStorage/88e22ab48d1e6ed7d877188e5a0bd280/redhat.java -Daether.dependencyCollector.impl=bf 
java_command: /home/jelynfish/.vscode-server/extensions/redhat.java-1.23.0-linux-x64/server/plugins/org.eclipse.equinox.launcher_1.6.500.v20230717-2134.jar -configuration /home/jelynfish/.vscode-server/data/User/globalStorage/redhat.java/1.23.0/config_linux -data /home/jelynfish/.vscode-server/data/User/workspaceStorage/88e22ab48d1e6ed7d877188e5a0bd280/redhat.java/jdt_ws
java_class_path (initial): /home/jelynfish/.vscode-server/extensions/redhat.java-1.23.0-linux-x64/server/plugins/org.eclipse.equinox.launcher_1.6.500.v20230717-2134.jar
Launcher Type: SUN_STANDARD

[Global flags]
    uintx AdaptiveSizePolicyWeight                 = 90                                        {product} {command line}
     intx CICompilerCount                          = 12                                        {product} {ergonomic}
    uintx GCTimeRatio                              = 4                                         {product} {command line}
     bool HeapDumpOnOutOfMemoryError               = true                                   {manageable} {command line}
    ccstr HeapDumpPath                             = /home/jelynfish/.vscode-server/data/User/workspaceStorage/88e22ab48d1e6ed7d877188e5a0bd280/redhat.java         {manageable} {command line}
   size_t InitialHeapSize                          = 104857600                                 {product} {command line}
   size_t MaxHeapSize                              = 1073741824                                {product} {command line}
   size_t MaxNewSize                               = 357564416                                 {product} {ergonomic}
   size_t MinHeapDeltaBytes                        = 524288                                    {product} {ergonomic}
   size_t MinHeapSize                              = 104857600                                 {product} {command line}
   size_t NewSize                                  = 34603008                                  {product} {ergonomic}
    uintx NonNMethodCodeHeapSize                   = 7602480                                {pd product} {ergonomic}
    uintx NonProfiledCodeHeapSize                  = 122027880                              {pd product} {ergonomic}
   size_t OldSize                                  = 70254592                                  {product} {ergonomic}
    uintx ProfiledCodeHeapSize                     = 122027880                              {pd product} {ergonomic}
    uintx ReservedCodeCacheSize                    = 251658240                              {pd product} {ergonomic}
     bool SegmentedCodeCache                       = true                                      {product} {ergonomic}
   size_t SoftMaxHeapSize                          = 1073741824                             {manageable} {ergonomic}
     bool UseCompressedClassPointers               = true                           {product lp64_product} {ergonomic}
     bool UseCompressedOops                        = true                           {product lp64_product} {ergonomic}
     bool UseParallelGC                            = true                                      {product} {command line}

Logging:
Log output configuration:
 #0: stdout all=off uptime,level,tags
 #1: stderr all=off uptime,level,tags

Environment Variables:
PATH=/home/jelynfish/.vscode-server/bin/abd2f3db4bdb28f9e95536dfa84d8479f1eb312d/bin/remote-cli:/usr/local/sbin:/usr/local/bin:/usr/sbin:/usr/bin:/sbin:/bin:/usr/games:/usr/local/games:/usr/lib/wsl/lib:/mnt/c/Program Files (x86)/Common Files/Intel/Shared Libraries/redist/intel64/compiler:/mnt/c/Program Files/Eclipse Adoptium/jdk-17.0.2.8-hotspot/bin:/mnt/c/Program Files (x86)/Razer Chroma SDK/bin:/mnt/c/Program Files/Razer Chroma SDK/bin:/mnt/c/Program Files (x86)/Razer/ChromaBroadcast/bin:/mnt/c/Program Files/Razer/ChromaBroadcast/bin:/mnt/c/Windows/system32:/mnt/c/Windows:/mnt/c/Windows/System32/Wbem:/mnt/c/Windows/System32/WindowsPowerShell/v1.0/:/mnt/c/Windows/System32/OpenSSH/:/mnt/c/Program Files (x86)/NVIDIA Corporation/PhysX/Common:/mnt/c/Program Files/NVIDIA Corporation/NVIDIA NvDLISR:/mnt/c/Windows/system32/config/systemprofile/AppData/Local/Microsoft/WindowsApps:/mnt/c/Program Files/dotnet/:/mnt/c/Program Files/Git/cmd:/mnt/c/Users/Jeelin/AppData/Local/Programs/Python/Python311/Scripts/:/mnt/c/Users/Jeelin/AppData/Local/Programs/Python/Python311/:/mnt/c/Users/Jeelin/AppData/Local/Microsoft/WindowsApps:/mnt/c/Users/Jeelin/AppData/Local/Programs/Microsoft VS Code/bin:/snap/bin
SHELL=/bin/bash
DISPLAY=:0
HOSTTYPE=x86_64
LANG=C.UTF-8
TERM=xterm-256color

Active Locale:
LC_ALL=C.UTF-8
LC_COLLATE=C.UTF-8
LC_CTYPE=C.UTF-8
LC_MESSAGES=C.UTF-8
LC_MONETARY=C.UTF-8
LC_NUMERIC=C.UTF-8
LC_TIME=C.UTF-8

Signal Handlers:
   SIGSEGV: crash_handler in libjvm.so, mask=11100100010111111101111111111110, flags=SA_RESTART|SA_SIGINFO, unblocked
    SIGBUS: crash_handler in libjvm.so, mask=11100100010111111101111111111110, flags=SA_RESTART|SA_SIGINFO, unblocked
    SIGFPE: crash_handler in libjvm.so, mask=11100100010111111101111111111110, flags=SA_RESTART|SA_SIGINFO, unblocked
   SIGPIPE: javaSignalHandler in libjvm.so, mask=11100100010111111101111111111110, flags=SA_RESTART|SA_SIGINFO, blocked
   SIGXFSZ: javaSignalHandler in libjvm.so, mask=11100100010111111101111111111110, flags=SA_RESTART|SA_SIGINFO, blocked
    SIGILL: crash_handler in libjvm.so, mask=11100100010111111101111111111110, flags=SA_RESTART|SA_SIGINFO, unblocked
   SIGUSR2: SR_handler in libjvm.so, mask=00000000000000000000000000000000, flags=SA_RESTART|SA_SIGINFO, blocked
    SIGHUP: UserHandler in libjvm.so, mask=11100100010111111101111111111110, flags=SA_RESTART|SA_SIGINFO, blocked
    SIGINT: UserHandler in libjvm.so, mask=11100100010111111101111111111110, flags=SA_RESTART|SA_SIGINFO, blocked
   SIGTERM: UserHandler in libjvm.so, mask=11100100010111111101111111111110, flags=SA_RESTART|SA_SIGINFO, blocked
   SIGQUIT: UserHandler in libjvm.so, mask=11100100010111111101111111111110, flags=SA_RESTART|SA_SIGINFO, blocked
   SIGTRAP: crash_handler in libjvm.so, mask=11100100010111111101111111111110, flags=SA_RESTART|SA_SIGINFO, unblocked


---------------  S Y S T E M  ---------------

OS:
DISTRIB_ID=Ubuntu
DISTRIB_RELEASE=22.04
DISTRIB_CODENAME=jammy
DISTRIB_DESCRIPTION="Ubuntu 22.04.2 LTS"
uname: Linux 5.15.90.1-microsoft-standard-WSL2 #1 SMP Fri Jan 27 02:56:13 UTC 2023 x86_64
OS uptime: 0 days 0:01 hours
libc: glibc 2.35 NPTL 2.35 
rlimit (soft/hard): STACK 8192k/infinity , CORE 0k/infinity , NPROC 63631/63631 , NOFILE 1048576/1048576 , AS infinity/infinity , CPU infinity/infinity , DATA infinity/infinity , FSIZE infinity/infinity , MEMLOCK 65536k/65536k
load average: 0.20 0.09 0.03

/proc/meminfo:
MemTotal:       16296216 kB
MemFree:        14277144 kB
MemAvailable:   14620660 kB
Buffers:           19796 kB
Cached:           556932 kB
SwapCached:            0 kB
Active:           124640 kB
Inactive:        1515544 kB
Active(anon):       1768 kB
Inactive(anon):  1063968 kB
Active(file):     122872 kB
Inactive(file):   451576 kB
Unevictable:           0 kB
Mlocked:               0 kB
SwapTotal:       4194304 kB
SwapFree:        4194304 kB
Dirty:                88 kB
Writeback:             0 kB
AnonPages:       1052812 kB
Mapped:           261500 kB
Shmem:              2260 kB
KReclaimable:      34668 kB
Slab:              95144 kB
SReclaimable:      34668 kB
SUnreclaim:        60476 kB
KernelStack:        6032 kB
PageTables:        11176 kB
NFS_Unstable:          0 kB
Bounce:                0 kB
WritebackTmp:          0 kB
CommitLimit:    12342412 kB
Committed_AS:    1721552 kB
VmallocTotal:   34359738367 kB
VmallocUsed:       27028 kB
VmallocChunk:          0 kB
Percpu:             4352 kB
AnonHugePages:    436224 kB
ShmemHugePages:        0 kB
ShmemPmdMapped:        0 kB
FileHugePages:         0 kB
FilePmdMapped:         0 kB
HugePages_Total:       0
HugePages_Free:        0
HugePages_Rsvd:        0
HugePages_Surp:        0
Hugepagesize:       2048 kB
Hugetlb:               0 kB
DirectMap4k:       19456 kB
DirectMap2M:     4089856 kB
DirectMap1G:    22020096 kB

/sys/kernel/mm/transparent_hugepage/enabled: [always] madvise never
/sys/kernel/mm/transparent_hugepage/defrag (defrag/compaction efforts parameter): always defer defer+madvise [madvise] never

Process Memory:
Virtual Size: 6952480K (peak: 7018016K)
Resident Set Size: 917320K (peak: 926232K) (anon: 766020K, file: 151300K, shmem: 0K)
Swapped out: 0K
C-Heap outstanding allocations: 88043K, retained: 162932K
glibc malloc tunables: (default)

/proc/sys/kernel/threads-max (system-wide limit on the number of threads): 127263
/proc/sys/vm/max_map_count (maximum number of memory map areas a process may have): 65530
/proc/sys/kernel/pid_max (system-wide limit on number of process identifiers): 32768

container (cgroup) information:
container_type: cgroupv1
cpu_cpuset_cpus: 0-15
cpu_memory_nodes: 0
active_processor_count: 16
cpu_quota: no quota
cpu_period: 100000
cpu_shares: no shares
memory_limit_in_bytes: unlimited
memory_and_swap_limit_in_bytes: unlimited
memory_soft_limit_in_bytes: unlimited
memory_usage_in_bytes: 1629956 k
memory_max_usage_in_bytes: unlimited
kernel_memory_usage_in_bytes: unlimited
kernel_memory_max_usage_in_bytes: unlimited
kernel_memory_limit_in_bytes: unlimited
maximum number of tasks: not supported
current number of tasks: not supported

Hyper-V virtualization detected
Steal ticks since vm start: 0
Steal ticks percentage since vm start:  0.000

CPU: total 16 (initial active 16) (8 cores per cpu, 2 threads per core) family 6 model 167 stepping 1 microcode 0xffffffff, cx8, cmov, fxsr, ht, mmx, 3dnowpref, sse, sse2, sse3, ssse3, sse4.1, sse4.2, popcnt, lzcnt, tsc, tscinvbit, avx, avx2, aes, erms, clmul, bmi1, bmi2, adx, avx512f, avx512dq, avx512cd, avx512bw, avx512vl, sha, fma, vzeroupper, avx512_vpopcntdq, avx512_vpclmulqdq, avx512_vaes, avx512_vnni, clflush, clflushopt, avx512_vbmi2, avx512_vbmi, hv
CPU Model and flags from /proc/cpuinfo:
model name	: 11th Gen Intel(R) Core(TM) i7-11700KF @ 3.60GHz
flags		: fpu vme de pse tsc msr pae mce cx8 apic sep mtrr pge mca cmov pat pse36 clflush mmx fxsr sse sse2 ss ht syscall nx pdpe1gb rdtscp lm constant_tsc arch_perfmon rep_good nopl xtopology tsc_reliable nonstop_tsc cpuid pni pclmulqdq ssse3 fma cx16 pdcm pcid sse4_1 sse4_2 movbe popcnt aes xsave avx f16c rdrand hypervisor lahf_lm abm 3dnowprefetch invpcid_single ssbd ibrs ibpb stibp ibrs_enhanced fsgsbase bmi1 avx2 smep bmi2 erms invpcid avx512f avx512dq rdseed adx smap avx512ifma clflushopt avx512cd sha_ni avx512bw avx512vl xsaveopt xsavec xgetbv1 xsaves avx512vbmi umip avx512_vbmi2 gfni vaes vpclmulqdq avx512_vnni avx512_bitalg avx512_vpopcntdq rdpid fsrm flush_l1d arch_capabilities

Online cpus: 0-15
Offline cpus: 
BIOS frequency limitation: <Not Available>
Frequency switch latency (ns): <Not Available>
Available cpu frequencies: <Not Available>
Current governor: <Not Available>
Core performance/turbo boost: <Not Available>

Memory: 4k page, physical 16296216k(14277144k free), swap 4194304k(4194304k free)
Page Sizes: 4k

vm_info: OpenJDK 64-Bit Server VM (17.0.8.1+1) for linux-amd64 JRE (17.0.8.1+1), built on Aug 24 2023 00:00:00 by "admin" with gcc 10.3.0

END.
